#
# There is insufficient memory for the Java Runtime Environment to continue.
# Native memory allocation (malloc) failed to allocate 1045104 bytes. Error detail: Chunk::new
# Possible reasons:
#   The system is out of physical RAM or swap space
#   This process is running with CompressedOops enabled, and the Java Heap may be blocking the growth of the native heap
# Possible solutions:
#   Reduce memory load on the system
#   Increase physical memory or swap space
#   Check if swap backing store is full
#   Decrease Java heap size (-Xmx/-Xms)
#   Decrease number of Java threads
#   Decrease Java thread stack sizes (-Xss)
#   Set larger code cache with -XX:ReservedCodeCacheSize=
#   JVM is running with Unscaled Compressed Oops mode in which the Java heap is
#     placed in the first 4GB address space. The Java Heap base address is the
#     maximum limit for the native heap growth. Please use -XX:HeapBaseMinAddress
#     to set the Java Heap base and to place the Java Heap above 4GB virtual address.
# This output file may be truncated or incomplete.
#
#  Out of Memory Error (arena.cpp:168), pid=15832, tid=6700
#
# JRE version: OpenJDK Runtime Environment Temurin-21.0.7+6 (21.0.7+6) (build 21.0.7+6-LTS)
# Java VM: OpenJDK 64-Bit Server VM Temurin-21.0.7+6 (21.0.7+6-LTS, mixed mode, sharing, tiered, compressed oops, compressed class ptrs, parallel gc, windows-amd64)
# No core dump will be written. Minidumps are not enabled by default on client versions of Windows
#

---------------  S U M M A R Y ------------

Command Line: --add-modules=ALL-SYSTEM --add-opens=java.base/java.util=ALL-UNNAMED --add-opens=java.base/java.lang=ALL-UNNAMED --add-opens=java.base/sun.nio.fs=ALL-UNNAMED -Declipse.application=org.eclipse.jdt.ls.core.id1 -Dosgi.bundles.defaultStartLevel=4 -Declipse.product=org.eclipse.jdt.ls.core.product -Djava.import.generatesMetadataFilesAtProjectRoot=false -DDetectVMInstallationsJob.disabled=true -Dfile.encoding=utf8 -XX:+UseParallelGC -XX:GCTimeRatio=4 -XX:AdaptiveSizePolicyWeight=90 -Dsun.zip.disableMemoryMapping=true -Xmx1G -Xms100m -Xlog:disable -javaagent:c:\Users\Baye Cheikh MBACKE\.cursor\extensions\redhat.java-1.42.0-win32-x64\lombok\lombok-1.18.36.jar -XX:+HeapDumpOnOutOfMemoryError -XX:HeapDumpPath=c:\Users\Baye Cheikh MBACKE\AppData\Roaming\Cursor\User\workspaceStorage\aa2f89e3d245d5ef1fe758697a7b5be6\redhat.java -Daether.dependencyCollector.impl=bf c:\Users\Baye Cheikh MBACKE\.cursor\extensions\redhat.java-1.42.0-win32-x64\server\plugins\org.eclipse.equinox.launcher_1.7.0.v20250424-1814.jar -configuration c:\Users\Baye Cheikh MBACKE\AppData\Roaming\Cursor\User\globalStorage\redhat.java\1.42.0\config_win -data c:\Users\Baye Cheikh MBACKE\AppData\Roaming\Cursor\User\workspaceStorage\aa2f89e3d245d5ef1fe758697a7b5be6\redhat.java\jdt_ws --pipe=\\.\pipe\lsp-9032b55aab4ab01b6ffdca0fcc4733a2-sock

Host: Intel(R) Core(TM) i7-6500U CPU @ 2.50GHz, 4 cores, 7G,  Windows 11 , 64 bit Build 22621 (10.0.22621.5415)
Time: Wed Jun 25 15:18:15 2025 Greenwich elapsed time: 17.254343 seconds (0d 0h 0m 17s)

---------------  T H R E A D  ---------------

Current thread (0x0000016ecd5d83d0):  JavaThread "C2 CompilerThread0" daemon [_thread_in_native, id=6700, stack(0x0000004c96800000,0x0000004c96900000) (1024K)]


Current CompileTask:
C2:17254 4505       4       org.eclipse.osgi.internal.loader.ModuleClassLoader::toString (80 bytes)

Stack: [0x0000004c96800000,0x0000004c96900000]
Native frames: (J=compiled Java code, j=interpreted, Vv=VM code, C=native code)
V  [jvm.dll+0x6ce119]
V  [jvm.dll+0x8a84a1]
V  [jvm.dll+0x8aa9ce]
V  [jvm.dll+0x8ab0b3]
V  [jvm.dll+0x27f8a6]
V  [jvm.dll+0xc507d]
V  [jvm.dll+0xc55b3]
V  [jvm.dll+0x3b692c]
V  [jvm.dll+0x1e0029]
V  [jvm.dll+0x247c42]
V  [jvm.dll+0x2470cf]
V  [jvm.dll+0x1c760e]
V  [jvm.dll+0x25695a]
V  [jvm.dll+0x254efa]
V  [jvm.dll+0x3f03f6]
V  [jvm.dll+0x851f6b]
V  [jvm.dll+0x6cc7dd]
C  [ucrtbase.dll+0x29333]
C  [KERNEL32.DLL+0x1259d]
C  [ntdll.dll+0x5af78]


---------------  P R O C E S S  ---------------

Threads class SMR info:
_java_thread_list=0x0000016f1503f800, length=24, elements={
0x0000016eb6e77e70, 0x0000016eb935c8a0, 0x0000016eb935dfa0, 0x0000016ecd5d1100,
0x0000016ecd5d1e10, 0x0000016ecd5d2b20, 0x0000016ecd5d5590, 0x0000016ecd5d83d0,
0x0000016ecd646e00, 0x0000016f0f485080, 0x0000016f0f6b8940, 0x0000016f145749b0,
0x0000016f14393cd0, 0x0000016f147c6aa0, 0x0000016f147cdc10, 0x0000016f145de4d0,
0x0000016f14ca1d50, 0x0000016f14caef20, 0x0000016f0f830300, 0x0000016f0f82fc70,
0x0000016f0f8323d0, 0x0000016f0f8316b0, 0x0000016f0f832a60, 0x0000016f0f831020
}

Java Threads: ( => current thread )
  0x0000016eb6e77e70 JavaThread "main"                              [_thread_blocked, id=7560, stack(0x0000004c95e00000,0x0000004c95f00000) (1024K)]
  0x0000016eb935c8a0 JavaThread "Reference Handler"          daemon [_thread_blocked, id=16860, stack(0x0000004c96200000,0x0000004c96300000) (1024K)]
  0x0000016eb935dfa0 JavaThread "Finalizer"                  daemon [_thread_blocked, id=15912, stack(0x0000004c96300000,0x0000004c96400000) (1024K)]
  0x0000016ecd5d1100 JavaThread "Signal Dispatcher"          daemon [_thread_blocked, id=13656, stack(0x0000004c96400000,0x0000004c96500000) (1024K)]
  0x0000016ecd5d1e10 JavaThread "Attach Listener"            daemon [_thread_blocked, id=13836, stack(0x0000004c96500000,0x0000004c96600000) (1024K)]
  0x0000016ecd5d2b20 JavaThread "Service Thread"             daemon [_thread_blocked, id=14840, stack(0x0000004c96600000,0x0000004c96700000) (1024K)]
  0x0000016ecd5d5590 JavaThread "Monitor Deflation Thread"   daemon [_thread_blocked, id=13956, stack(0x0000004c96700000,0x0000004c96800000) (1024K)]
=>0x0000016ecd5d83d0 JavaThread "C2 CompilerThread0"         daemon [_thread_in_native, id=6700, stack(0x0000004c96800000,0x0000004c96900000) (1024K)]
  0x0000016ecd646e00 JavaThread "C1 CompilerThread0"         daemon [_thread_in_vm, id=15708, stack(0x0000004c96900000,0x0000004c96a00000) (1024K)]
  0x0000016f0f485080 JavaThread "Common-Cleaner"             daemon [_thread_blocked, id=13884, stack(0x0000004c96a00000,0x0000004c96b00000) (1024K)]
  0x0000016f0f6b8940 JavaThread "Notification Thread"        daemon [_thread_blocked, id=15148, stack(0x0000004c96b00000,0x0000004c96c00000) (1024K)]
  0x0000016f145749b0 JavaThread "Active Thread: Equinox Container: 4f9db0b3-622d-43ab-8d5a-a304d968dfdb"        [_thread_blocked, id=17404, stack(0x0000004c97000000,0x0000004c97100000) (1024K)]
  0x0000016f14393cd0 JavaThread "Refresh Thread: Equinox Container: 4f9db0b3-622d-43ab-8d5a-a304d968dfdb" daemon [_thread_blocked, id=2504, stack(0x0000004c97100000,0x0000004c97200000) (1024K)]
  0x0000016f147c6aa0 JavaThread "Framework Event Dispatcher: Equinox Container: 4f9db0b3-622d-43ab-8d5a-a304d968dfdb" daemon [_thread_blocked, id=15568, stack(0x0000004c97200000,0x0000004c97300000) (1024K)]
  0x0000016f147cdc10 JavaThread "Start Level: Equinox Container: 4f9db0b3-622d-43ab-8d5a-a304d968dfdb" daemon [_thread_in_vm, id=9688, stack(0x0000004c97300000,0x0000004c97400000) (1024K)]
  0x0000016f145de4d0 JavaThread "Bundle File Closer"         daemon [_thread_blocked, id=11012, stack(0x0000004c96c00000,0x0000004c96d00000) (1024K)]
  0x0000016f14ca1d50 JavaThread "SCR Component Actor"        daemon [_thread_blocked, id=3472, stack(0x0000004c97400000,0x0000004c97500000) (1024K)]
  0x0000016f14caef20 JavaThread "SCR Component Registry"     daemon [_thread_blocked, id=13256, stack(0x0000004c97500000,0x0000004c97600000) (1024K)]
  0x0000016f0f830300 JavaThread "Worker-JM"                         [_thread_blocked, id=13144, stack(0x0000004c97600000,0x0000004c97700000) (1024K)]
  0x0000016f0f82fc70 JavaThread "JNA Cleaner"                daemon [_thread_blocked, id=17320, stack(0x0000004c97700000,0x0000004c97800000) (1024K)]
  0x0000016f0f8323d0 JavaThread "Worker-0"                          [_thread_blocked, id=13376, stack(0x0000004c97800000,0x0000004c97900000) (1024K)]
  0x0000016f0f8316b0 JavaThread "Worker-1: Repository registry initialization"        [_thread_in_vm, id=9576, stack(0x0000004c97900000,0x0000004c97a00000) (1024K)]
  0x0000016f0f832a60 JavaThread "Worker-2"                          [_thread_blocked, id=9652, stack(0x0000004c97a00000,0x0000004c97b00000) (1024K)]
  0x0000016f0f831020 JavaThread "Java indexing"              daemon [_thread_blocked, id=6888, stack(0x0000004c97b00000,0x0000004c97c00000) (1024K)]
Total: 24

Other Threads:
  0x0000016ecd5cf140 VMThread "VM Thread"                           [id=6416, stack(0x0000004c96100000,0x0000004c96200000) (1024K)]
  0x0000016eb9311250 WatcherThread "VM Periodic Task Thread"        [id=5588, stack(0x0000004c96000000,0x0000004c96100000) (1024K)]
  0x0000016eb92c2000 WorkerThread "GC Thread#0"                     [id=17072, stack(0x0000004c95f00000,0x0000004c96000000) (1024K)]
  0x0000016f14552990 WorkerThread "GC Thread#1"                     [id=16600, stack(0x0000004c96d00000,0x0000004c96e00000) (1024K)]
  0x0000016f14552d30 WorkerThread "GC Thread#2"                     [id=16708, stack(0x0000004c96e00000,0x0000004c96f00000) (1024K)]
  0x0000016f145530d0 WorkerThread "GC Thread#3"                     [id=13864, stack(0x0000004c96f00000,0x0000004c97000000) (1024K)]
Total: 6

Threads with active compile tasks:
C2 CompilerThread0  17338 4505       4       org.eclipse.osgi.internal.loader.ModuleClassLoader::toString (80 bytes)
C1 CompilerThread0  17338 4663       3       java.lang.reflect.Constructor::getParameterCount (6 bytes)
Total: 2

VM state: not at safepoint (normal execution)

VM Mutex/Monitor currently owned by a thread:  ([mutex/lock_event])
[0x00007ff9cfa0c308] Metaspace_lock - owner thread: 0x0000016f147cdc10
[0x00007ff9cfa0d008] MultiArray_lock - owner thread: 0x0000016f147cdc10

Heap address: 0x00000000c0000000, size: 1024 MB, Compressed Oops mode: 32-bit

CDS archive(s) mapped at: [0x0000016ece000000-0x0000016eceba0000-0x0000016eceba0000), size 12189696, SharedBaseAddress: 0x0000016ece000000, ArchiveRelocationMode: 1.
Compressed class space mapped at: 0x0000016ecf000000-0x0000016f0f000000, reserved size: 1073741824
Narrow klass base: 0x0000016ece000000, Narrow klass shift: 0, Narrow klass range: 0x100000000

GC Precious Log:
 CardTable entry size: 512
 CPUs: 4 total, 4 available
 Memory: 8075M
 Large Page Support: Disabled
 NUMA Support: Disabled
 Compressed Oops: Enabled (32-bit)
 Alignments: Space 512K, Generation 512K, Heap 2M
 Heap Min Capacity: 100M
 Heap Initial Capacity: 100M
 Heap Max Capacity: 1G
 Pre-touch: Disabled
 Parallel Workers: 4

Heap:
 PSYoungGen      total 24064K, used 14652K [0x00000000eab00000, 0x00000000ec780000, 0x0000000100000000)
  eden space 22528K, 59% used [0x00000000eab00000,0x00000000eb82a920,0x00000000ec100000)
  from space 1536K, 76% used [0x00000000ec480000,0x00000000ec5a48f8,0x00000000ec600000)
  to   space 1536K, 0% used [0x00000000ec600000,0x00000000ec600000,0x00000000ec780000)
 ParOldGen       total 68608K, used 15823K [0x00000000c0000000, 0x00000000c4300000, 0x00000000eab00000)
  object space 68608K, 23% used [0x00000000c0000000,0x00000000c0f73e00,0x00000000c4300000)
 Metaspace       used 31922K, committed 32960K, reserved 1114112K
  class space    used 3179K, committed 3584K, reserved 1048576K

Card table byte_map: [0x0000016eb8c40000,0x0000016eb8e50000] _byte_map_base: 0x0000016eb8640000

Marking Bits: (ParMarkBitMap*) 0x00007ff9cfa131f0
 Begin Bits: [0x0000016ecb490000, 0x0000016ecc490000)
 End Bits:   [0x0000016ecc490000, 0x0000016ecd490000)

Polling page: 0x0000016eb70f0000

Metaspace:

Usage:
  Non-class:     28.07 MB used.
      Class:      3.10 MB used.
       Both:     31.17 MB used.

Virtual space:
  Non-class space:       64.00 MB reserved,      28.69 MB ( 45%) committed,  1 nodes.
      Class space:        1.00 GB reserved,       3.50 MB ( <1%) committed,  1 nodes.
             Both:        1.06 GB reserved,      32.19 MB (  3%) committed. 

Chunk freelists:
   Non-Class:  2.89 MB
       Class:  12.34 MB
        Both:  15.23 MB

MaxMetaspaceSize: unlimited
CompressedClassSpaceSize: 1.00 GB
Initial GC threshold: 21.00 MB
Current GC threshold: 35.00 MB
CDS: on
 - commit_granule_bytes: 65536.
 - commit_granule_words: 8192.
 - virtual_space_node_default_size: 8388608.
 - enlarge_chunks_in_place: 1.
 - use_allocation_guard: 0.


Internal statistics:

num_allocs_failed_limit: 3.
num_arena_births: 846.
num_arena_deaths: 14.
num_vsnodes_births: 2.
num_vsnodes_deaths: 0.
num_space_committed: 515.
num_space_uncommitted: 0.
num_chunks_returned_to_freelist: 17.
num_chunks_taken_from_freelist: 2175.
num_chunk_merges: 9.
num_chunk_splits: 1402.
num_chunks_enlarged: 817.
num_inconsistent_stats: 0.

CodeHeap 'non-profiled nmethods': size=120000Kb used=2215Kb max_used=2215Kb free=117784Kb
 bounds [0x0000016ec3f60000, 0x0000016ec41d0000, 0x0000016ecb490000]
CodeHeap 'profiled nmethods': size=120000Kb used=9991Kb max_used=9991Kb free=110009Kb
 bounds [0x0000016ebc490000, 0x0000016ebce60000, 0x0000016ec39c0000]
CodeHeap 'non-nmethods': size=5760Kb used=1340Kb max_used=1389Kb free=4419Kb
 bounds [0x0000016ec39c0000, 0x0000016ec3c30000, 0x0000016ec3f60000]
 total_blobs=5286 nmethods=4652 adapters=539
 compilation: enabled
              stopped_count=0, restarted_count=0
 full_count=0

Compilation events (20 events):
Event: 17.229 Thread 0x0000016ecd646e00 4652       3       com.sun.org.apache.xerces.internal.dom.NodeImpl::isSpecified (27 bytes)
Event: 17.230 Thread 0x0000016ecd646e00 nmethod 4652 0x0000016ebce4e190 code [0x0000016ebce4e320, 0x0000016ebce4e488]
Event: 17.230 Thread 0x0000016ecd646e00 4653       3       com.sun.org.apache.xerces.internal.dom.NamedNodeMapImpl::findNamePoint (105 bytes)
Event: 17.231 Thread 0x0000016ecd646e00 nmethod 4653 0x0000016ebce4e510 code [0x0000016ebce4e720, 0x0000016ebce4ee10]
Event: 17.238 Thread 0x0000016ecd646e00 4654       3       com.sun.org.apache.xerces.internal.dom.NodeImpl::isNormalized (17 bytes)
Event: 17.239 Thread 0x0000016ecd646e00 nmethod 4654 0x0000016ebce4f010 code [0x0000016ebce4f1a0, 0x0000016ebce4f308]
Event: 17.239 Thread 0x0000016ecd646e00 4655       3       com.sun.org.apache.xerces.internal.dom.NodeImpl::hasStringValue (29 bytes)
Event: 17.239 Thread 0x0000016ecd646e00 nmethod 4655 0x0000016ebce4f390 code [0x0000016ebce4f520, 0x0000016ebce4f688]
Event: 17.239 Thread 0x0000016ecd646e00 4656       3       com.sun.org.apache.xerces.internal.dom.NodeImpl::ownerDocument (23 bytes)
Event: 17.239 Thread 0x0000016ecd646e00 nmethod 4656 0x0000016ebce4f710 code [0x0000016ebce4f8e0, 0x0000016ebce4fcb0]
Event: 17.239 Thread 0x0000016ecd646e00 4658       3       com.sun.org.apache.xerces.internal.dom.NodeImpl::<init> (10 bytes)
Event: 17.240 Thread 0x0000016ecd646e00 nmethod 4658 0x0000016ebce4fd90 code [0x0000016ebce4ff40, 0x0000016ebce500c8]
Event: 17.240 Thread 0x0000016ecd646e00 4657       1       com.sun.org.apache.xerces.internal.dom.AttrImpl::getNodeType (2 bytes)
Event: 17.240 Thread 0x0000016ecd646e00 nmethod 4657 0x0000016ec4189690 code [0x0000016ec4189820, 0x0000016ec41898e8]
Event: 17.242 Thread 0x0000016ecd646e00 4659       3       jdk.internal.jimage.ImageLocation::verify (218 bytes)
Event: 17.244 Thread 0x0000016ecd646e00 nmethod 4659 0x0000016ebce50190 code [0x0000016ebce50440, 0x0000016ebce510d8]
Event: 17.248 Thread 0x0000016ecd646e00 4660       1       java.lang.reflect.Constructor::getConstructorAccessor (5 bytes)
Event: 17.249 Thread 0x0000016ecd646e00 nmethod 4660 0x0000016ec4189990 code [0x0000016ec4189b20, 0x0000016ec4189be8]
Event: 17.249 Thread 0x0000016ecd646e00 4661       1       java.lang.reflect.Constructor::getRoot (5 bytes)
Event: 17.249 Thread 0x0000016ecd646e00 nmethod 4661 0x0000016ec4189c90 code [0x0000016ec4189e20, 0x0000016ec4189ee8]

GC Heap History (20 events):
Event: 5.787 GC heap before
{Heap before GC invocations=3 (full 0):
 PSYoungGen      total 29696K, used 29668K [0x00000000eab00000, 0x00000000ecc00000, 0x0000000100000000)
  eden space 25600K, 100% used [0x00000000eab00000,0x00000000ec400000,0x00000000ec400000)
  from space 4096K, 99% used [0x00000000ec800000,0x00000000ecbf91f8,0x00000000ecc00000)
  to   space 4096K, 0% used [0x00000000ec400000,0x00000000ec400000,0x00000000ec800000)
 ParOldGen       total 68608K, used 1821K [0x00000000c0000000, 0x00000000c4300000, 0x00000000eab00000)
  object space 68608K, 2% used [0x00000000c0000000,0x00000000c01c7738,0x00000000c4300000)
 Metaspace       used 9399K, committed 9792K, reserved 1114112K
  class space    used 967K, committed 1152K, reserved 1048576K
}
Event: 5.798 GC heap after
{Heap after GC invocations=3 (full 0):
 PSYoungGen      total 29696K, used 4067K [0x00000000eab00000, 0x00000000ecc00000, 0x0000000100000000)
  eden space 25600K, 0% used [0x00000000eab00000,0x00000000eab00000,0x00000000ec400000)
  from space 4096K, 99% used [0x00000000ec400000,0x00000000ec7f8ff0,0x00000000ec800000)
  to   space 4096K, 0% used [0x00000000ec800000,0x00000000ec800000,0x00000000ecc00000)
 ParOldGen       total 68608K, used 5452K [0x00000000c0000000, 0x00000000c4300000, 0x00000000eab00000)
  object space 68608K, 7% used [0x00000000c0000000,0x00000000c0553060,0x00000000c4300000)
 Metaspace       used 9399K, committed 9792K, reserved 1114112K
  class space    used 967K, committed 1152K, reserved 1048576K
}
Event: 7.279 GC heap before
{Heap before GC invocations=4 (full 0):
 PSYoungGen      total 29696K, used 29667K [0x00000000eab00000, 0x00000000ecc00000, 0x0000000100000000)
  eden space 25600K, 100% used [0x00000000eab00000,0x00000000ec400000,0x00000000ec400000)
  from space 4096K, 99% used [0x00000000ec400000,0x00000000ec7f8ff0,0x00000000ec800000)
  to   space 4096K, 0% used [0x00000000ec800000,0x00000000ec800000,0x00000000ecc00000)
 ParOldGen       total 68608K, used 5452K [0x00000000c0000000, 0x00000000c4300000, 0x00000000eab00000)
  object space 68608K, 7% used [0x00000000c0000000,0x00000000c0553060,0x00000000c4300000)
 Metaspace       used 12157K, committed 12672K, reserved 1114112K
  class space    used 1250K, committed 1472K, reserved 1048576K
}
Event: 7.286 GC heap after
{Heap after GC invocations=4 (full 0):
 PSYoungGen      total 29696K, used 4083K [0x00000000eab00000, 0x00000000ecc00000, 0x0000000100000000)
  eden space 25600K, 0% used [0x00000000eab00000,0x00000000eab00000,0x00000000ec400000)
  from space 4096K, 99% used [0x00000000ec800000,0x00000000ecbfcdd8,0x00000000ecc00000)
  to   space 4096K, 0% used [0x00000000ec400000,0x00000000ec400000,0x00000000ec800000)
 ParOldGen       total 68608K, used 7250K [0x00000000c0000000, 0x00000000c4300000, 0x00000000eab00000)
  object space 68608K, 10% used [0x00000000c0000000,0x00000000c0714a38,0x00000000c4300000)
 Metaspace       used 12157K, committed 12672K, reserved 1114112K
  class space    used 1250K, committed 1472K, reserved 1048576K
}
Event: 9.064 GC heap before
{Heap before GC invocations=5 (full 0):
 PSYoungGen      total 29696K, used 29683K [0x00000000eab00000, 0x00000000ecc00000, 0x0000000100000000)
  eden space 25600K, 100% used [0x00000000eab00000,0x00000000ec400000,0x00000000ec400000)
  from space 4096K, 99% used [0x00000000ec800000,0x00000000ecbfcdd8,0x00000000ecc00000)
  to   space 4096K, 0% used [0x00000000ec400000,0x00000000ec400000,0x00000000ec800000)
 ParOldGen       total 68608K, used 7250K [0x00000000c0000000, 0x00000000c4300000, 0x00000000eab00000)
  object space 68608K, 10% used [0x00000000c0000000,0x00000000c0714a38,0x00000000c4300000)
 Metaspace       used 15275K, committed 15872K, reserved 1114112K
  class space    used 1519K, committed 1792K, reserved 1048576K
}
Event: 9.073 GC heap after
{Heap after GC invocations=5 (full 0):
 PSYoungGen      total 29184K, used 4078K [0x00000000eab00000, 0x00000000ece80000, 0x0000000100000000)
  eden space 25088K, 0% used [0x00000000eab00000,0x00000000eab00000,0x00000000ec380000)
  from space 4096K, 99% used [0x00000000ec400000,0x00000000ec7fba60,0x00000000ec800000)
  to   space 5632K, 0% used [0x00000000ec900000,0x00000000ec900000,0x00000000ece80000)
 ParOldGen       total 68608K, used 8191K [0x00000000c0000000, 0x00000000c4300000, 0x00000000eab00000)
  object space 68608K, 11% used [0x00000000c0000000,0x00000000c07ffff0,0x00000000c4300000)
 Metaspace       used 15275K, committed 15872K, reserved 1114112K
  class space    used 1519K, committed 1792K, reserved 1048576K
}
Event: 11.178 GC heap before
{Heap before GC invocations=6 (full 0):
 PSYoungGen      total 29184K, used 29166K [0x00000000eab00000, 0x00000000ece80000, 0x0000000100000000)
  eden space 25088K, 100% used [0x00000000eab00000,0x00000000ec380000,0x00000000ec380000)
  from space 4096K, 99% used [0x00000000ec400000,0x00000000ec7fba60,0x00000000ec800000)
  to   space 5632K, 0% used [0x00000000ec900000,0x00000000ec900000,0x00000000ece80000)
 ParOldGen       total 68608K, used 8191K [0x00000000c0000000, 0x00000000c4300000, 0x00000000eab00000)
  object space 68608K, 11% used [0x00000000c0000000,0x00000000c07ffff0,0x00000000c4300000)
 Metaspace       used 18501K, committed 19264K, reserved 1114112K
  class space    used 1870K, committed 2176K, reserved 1048576K
}
Event: 11.188 GC heap after
{Heap after GC invocations=6 (full 0):
 PSYoungGen      total 29696K, used 4940K [0x00000000eab00000, 0x00000000ece00000, 0x0000000100000000)
  eden space 24576K, 0% used [0x00000000eab00000,0x00000000eab00000,0x00000000ec300000)
  from space 5120K, 96% used [0x00000000ec900000,0x00000000ecdd3140,0x00000000ece00000)
  to   space 5120K, 0% used [0x00000000ec400000,0x00000000ec400000,0x00000000ec900000)
 ParOldGen       total 68608K, used 8199K [0x00000000c0000000, 0x00000000c4300000, 0x00000000eab00000)
  object space 68608K, 11% used [0x00000000c0000000,0x00000000c0801ff0,0x00000000c4300000)
 Metaspace       used 18501K, committed 19264K, reserved 1114112K
  class space    used 1870K, committed 2176K, reserved 1048576K
}
Event: 12.132 GC heap before
{Heap before GC invocations=7 (full 0):
 PSYoungGen      total 29696K, used 24584K [0x00000000eab00000, 0x00000000ece00000, 0x0000000100000000)
  eden space 24576K, 79% used [0x00000000eab00000,0x00000000ebe2ef58,0x00000000ec300000)
  from space 5120K, 96% used [0x00000000ec900000,0x00000000ecdd3140,0x00000000ece00000)
  to   space 5120K, 0% used [0x00000000ec400000,0x00000000ec400000,0x00000000ec900000)
 ParOldGen       total 68608K, used 8199K [0x00000000c0000000, 0x00000000c4300000, 0x00000000eab00000)
  object space 68608K, 11% used [0x00000000c0000000,0x00000000c0801ff0,0x00000000c4300000)
 Metaspace       used 20618K, committed 21504K, reserved 1114112K
  class space    used 2116K, committed 2496K, reserved 1048576K
}
Event: 12.148 GC heap after
{Heap after GC invocations=7 (full 0):
 PSYoungGen      total 29184K, used 4364K [0x00000000eab00000, 0x00000000ecc00000, 0x0000000100000000)
  eden space 24576K, 0% used [0x00000000eab00000,0x00000000eab00000,0x00000000ec300000)
  from space 4608K, 94% used [0x00000000ec400000,0x00000000ec8431a0,0x00000000ec880000)
  to   space 3584K, 0% used [0x00000000ec880000,0x00000000ec880000,0x00000000ecc00000)
 ParOldGen       total 68608K, used 9400K [0x00000000c0000000, 0x00000000c4300000, 0x00000000eab00000)
  object space 68608K, 13% used [0x00000000c0000000,0x00000000c092e1a8,0x00000000c4300000)
 Metaspace       used 20618K, committed 21504K, reserved 1114112K
  class space    used 2116K, committed 2496K, reserved 1048576K
}
Event: 12.148 GC heap before
{Heap before GC invocations=8 (full 1):
 PSYoungGen      total 29184K, used 4364K [0x00000000eab00000, 0x00000000ecc00000, 0x0000000100000000)
  eden space 24576K, 0% used [0x00000000eab00000,0x00000000eab00000,0x00000000ec300000)
  from space 4608K, 94% used [0x00000000ec400000,0x00000000ec8431a0,0x00000000ec880000)
  to   space 3584K, 0% used [0x00000000ec880000,0x00000000ec880000,0x00000000ecc00000)
 ParOldGen       total 68608K, used 9400K [0x00000000c0000000, 0x00000000c4300000, 0x00000000eab00000)
  object space 68608K, 13% used [0x00000000c0000000,0x00000000c092e1a8,0x00000000c4300000)
 Metaspace       used 20618K, committed 21504K, reserved 1114112K
  class space    used 2116K, committed 2496K, reserved 1048576K
}
Event: 12.257 GC heap after
{Heap after GC invocations=8 (full 1):
 PSYoungGen      total 29184K, used 0K [0x00000000eab00000, 0x00000000ecc00000, 0x0000000100000000)
  eden space 24576K, 0% used [0x00000000eab00000,0x00000000eab00000,0x00000000ec300000)
  from space 4608K, 0% used [0x00000000ec400000,0x00000000ec400000,0x00000000ec880000)
  to   space 3584K, 0% used [0x00000000ec880000,0x00000000ec880000,0x00000000ecc00000)
 ParOldGen       total 68608K, used 12849K [0x00000000c0000000, 0x00000000c4300000, 0x00000000eab00000)
  object space 68608K, 18% used [0x00000000c0000000,0x00000000c0c8c5d0,0x00000000c4300000)
 Metaspace       used 20605K, committed 21504K, reserved 1114112K
  class space    used 2113K, committed 2496K, reserved 1048576K
}
Event: 13.054 GC heap before
{Heap before GC invocations=9 (full 1):
 PSYoungGen      total 29184K, used 24576K [0x00000000eab00000, 0x00000000ecc00000, 0x0000000100000000)
  eden space 24576K, 100% used [0x00000000eab00000,0x00000000ec300000,0x00000000ec300000)
  from space 4608K, 0% used [0x00000000ec400000,0x00000000ec400000,0x00000000ec880000)
  to   space 3584K, 0% used [0x00000000ec880000,0x00000000ec880000,0x00000000ecc00000)
 ParOldGen       total 68608K, used 12849K [0x00000000c0000000, 0x00000000c4300000, 0x00000000eab00000)
  object space 68608K, 18% used [0x00000000c0000000,0x00000000c0c8c5d0,0x00000000c4300000)
 Metaspace       used 22736K, committed 23680K, reserved 1114112K
  class space    used 2298K, committed 2688K, reserved 1048576K
}
Event: 13.058 GC heap after
{Heap after GC invocations=9 (full 1):
 PSYoungGen      total 25088K, used 928K [0x00000000eab00000, 0x00000000ec980000, 0x0000000100000000)
  eden space 24064K, 0% used [0x00000000eab00000,0x00000000eab00000,0x00000000ec280000)
  from space 1024K, 90% used [0x00000000ec880000,0x00000000ec968228,0x00000000ec980000)
  to   space 2560K, 0% used [0x00000000ec480000,0x00000000ec480000,0x00000000ec700000)
 ParOldGen       total 68608K, used 12857K [0x00000000c0000000, 0x00000000c4300000, 0x00000000eab00000)
  object space 68608K, 18% used [0x00000000c0000000,0x00000000c0c8e5d0,0x00000000c4300000)
 Metaspace       used 22736K, committed 23680K, reserved 1114112K
  class space    used 2298K, committed 2688K, reserved 1048576K
}
Event: 13.948 GC heap before
{Heap before GC invocations=10 (full 1):
 PSYoungGen      total 25088K, used 24992K [0x00000000eab00000, 0x00000000ec980000, 0x0000000100000000)
  eden space 24064K, 100% used [0x00000000eab00000,0x00000000ec280000,0x00000000ec280000)
  from space 1024K, 90% used [0x00000000ec880000,0x00000000ec968228,0x00000000ec980000)
  to   space 2560K, 0% used [0x00000000ec480000,0x00000000ec480000,0x00000000ec700000)
 ParOldGen       total 68608K, used 12857K [0x00000000c0000000, 0x00000000c4300000, 0x00000000eab00000)
  object space 68608K, 18% used [0x00000000c0000000,0x00000000c0c8e5d0,0x00000000c4300000)
 Metaspace       used 26366K, committed 27328K, reserved 1114112K
  class space    used 2549K, committed 2944K, reserved 1048576K
}
Event: 13.950 GC heap after
{Heap after GC invocations=10 (full 1):
 PSYoungGen      total 26112K, used 1787K [0x00000000eab00000, 0x00000000ec900000, 0x0000000100000000)
  eden space 23552K, 0% used [0x00000000eab00000,0x00000000eab00000,0x00000000ec200000)
  from space 2560K, 69% used [0x00000000ec480000,0x00000000ec63edc0,0x00000000ec700000)
  to   space 2048K, 0% used [0x00000000ec700000,0x00000000ec700000,0x00000000ec900000)
 ParOldGen       total 68608K, used 12865K [0x00000000c0000000, 0x00000000c4300000, 0x00000000eab00000)
  object space 68608K, 18% used [0x00000000c0000000,0x00000000c0c905d0,0x00000000c4300000)
 Metaspace       used 26366K, committed 27328K, reserved 1114112K
  class space    used 2549K, committed 2944K, reserved 1048576K
}
Event: 14.840 GC heap before
{Heap before GC invocations=11 (full 1):
 PSYoungGen      total 26112K, used 25331K [0x00000000eab00000, 0x00000000ec900000, 0x0000000100000000)
  eden space 23552K, 99% used [0x00000000eab00000,0x00000000ec1fe0e8,0x00000000ec200000)
  from space 2560K, 69% used [0x00000000ec480000,0x00000000ec63edc0,0x00000000ec700000)
  to   space 2048K, 0% used [0x00000000ec700000,0x00000000ec700000,0x00000000ec900000)
 ParOldGen       total 68608K, used 12865K [0x00000000c0000000, 0x00000000c4300000, 0x00000000eab00000)
  object space 68608K, 18% used [0x00000000c0000000,0x00000000c0c905d0,0x00000000c4300000)
 Metaspace       used 28238K, committed 29184K, reserved 1114112K
  class space    used 2756K, committed 3136K, reserved 1048576K
}
Event: 14.845 GC heap after
{Heap after GC invocations=11 (full 1):
 PSYoungGen      total 24576K, used 1531K [0x00000000eab00000, 0x00000000ec880000, 0x0000000100000000)
  eden space 23040K, 0% used [0x00000000eab00000,0x00000000eab00000,0x00000000ec180000)
  from space 1536K, 99% used [0x00000000ec700000,0x00000000ec87edb0,0x00000000ec880000)
  to   space 2048K, 0% used [0x00000000ec480000,0x00000000ec480000,0x00000000ec680000)
 ParOldGen       total 68608K, used 14490K [0x00000000c0000000, 0x00000000c4300000, 0x00000000eab00000)
  object space 68608K, 21% used [0x00000000c0000000,0x00000000c0e26808,0x00000000c4300000)
 Metaspace       used 28238K, committed 29184K, reserved 1114112K
  class space    used 2756K, committed 3136K, reserved 1048576K
}
Event: 16.646 GC heap before
{Heap before GC invocations=12 (full 1):
 PSYoungGen      total 24576K, used 24571K [0x00000000eab00000, 0x00000000ec880000, 0x0000000100000000)
  eden space 23040K, 100% used [0x00000000eab00000,0x00000000ec180000,0x00000000ec180000)
  from space 1536K, 99% used [0x00000000ec700000,0x00000000ec87edb0,0x00000000ec880000)
  to   space 2048K, 0% used [0x00000000ec480000,0x00000000ec480000,0x00000000ec680000)
 ParOldGen       total 68608K, used 14490K [0x00000000c0000000, 0x00000000c4300000, 0x00000000eab00000)
  object space 68608K, 21% used [0x00000000c0000000,0x00000000c0e26808,0x00000000c4300000)
 Metaspace       used 30711K, committed 31744K, reserved 1114112K
  class space    used 3057K, committed 3456K, reserved 1048576K
}
Event: 16.651 GC heap after
{Heap after GC invocations=12 (full 1):
 PSYoungGen      total 24064K, used 1170K [0x00000000eab00000, 0x00000000ec780000, 0x0000000100000000)
  eden space 22528K, 0% used [0x00000000eab00000,0x00000000eab00000,0x00000000ec100000)
  from space 1536K, 76% used [0x00000000ec480000,0x00000000ec5a48f8,0x00000000ec600000)
  to   space 1536K, 0% used [0x00000000ec600000,0x00000000ec600000,0x00000000ec780000)
 ParOldGen       total 68608K, used 15823K [0x00000000c0000000, 0x00000000c4300000, 0x00000000eab00000)
  object space 68608K, 23% used [0x00000000c0000000,0x00000000c0f73e00,0x00000000c4300000)
 Metaspace       used 30711K, committed 31744K, reserved 1114112K
  class space    used 3057K, committed 3456K, reserved 1048576K
}

Dll operation events (10 events):
Event: 0.024 Loaded shared library c:\Users\Baye Cheikh MBACKE\.cursor\extensions\redhat.java-1.42.0-win32-x64\jre\21.0.7-win32-x86_64\bin\java.dll
Event: 0.622 Loaded shared library c:\Users\Baye Cheikh MBACKE\.cursor\extensions\redhat.java-1.42.0-win32-x64\jre\21.0.7-win32-x86_64\bin\zip.dll
Event: 0.800 Loaded shared library C:\Users\Baye Cheikh MBACKE\.cursor\extensions\redhat.java-1.42.0-win32-x64\jre\21.0.7-win32-x86_64\bin\instrument.dll
Event: 0.809 Loaded shared library C:\Users\Baye Cheikh MBACKE\.cursor\extensions\redhat.java-1.42.0-win32-x64\jre\21.0.7-win32-x86_64\bin\net.dll
Event: 0.812 Loaded shared library C:\Users\Baye Cheikh MBACKE\.cursor\extensions\redhat.java-1.42.0-win32-x64\jre\21.0.7-win32-x86_64\bin\nio.dll
Event: 0.891 Loaded shared library C:\Users\Baye Cheikh MBACKE\.cursor\extensions\redhat.java-1.42.0-win32-x64\jre\21.0.7-win32-x86_64\bin\zip.dll
Event: 0.966 Loaded shared library C:\Users\Baye Cheikh MBACKE\.cursor\extensions\redhat.java-1.42.0-win32-x64\jre\21.0.7-win32-x86_64\bin\jimage.dll
Event: 1.439 Loaded shared library c:\Users\Baye Cheikh MBACKE\.cursor\extensions\redhat.java-1.42.0-win32-x64\jre\21.0.7-win32-x86_64\bin\verify.dll
Event: 4.650 Loaded shared library C:\Users\Baye Cheikh MBACKE\AppData\Roaming\Cursor\User\globalStorage\redhat.java\1.42.0\config_win\org.eclipse.equinox.launcher\org.eclipse.equinox.launcher.win32.win32.x86_64_1.2.1300.v20250331-1702\eclipse_11911.dll
Event: 9.978 Loaded shared library C:\Users\Baye Cheikh MBACKE\AppData\Local\Temp\jna-1476855478\jna17396228787886519577.dll

Deoptimization events (20 events):
Event: 16.651 Thread 0x0000016f147cdc10 Uncommon trap: trap_request=0xffffffc6 fr.pc=0x0000016ec3fbb5d8 relative=0x0000000000000918
Event: 16.651 Thread 0x0000016f147cdc10 Uncommon trap: reason=bimorphic_or_optimized_type_check action=maybe_recompile pc=0x0000016ec3fbb5d8 method=java.util.HashMap.putVal(ILjava/lang/Object;Ljava/lang/Object;ZZ)Ljava/lang/Object; @ 56 c2
Event: 16.651 Thread 0x0000016f147cdc10 DEOPT PACKING pc=0x0000016ec3fbb5d8 sp=0x0000004c973fd8f0
Event: 16.651 Thread 0x0000016f147cdc10 DEOPT UNPACKING pc=0x0000016ec3a13aa2 sp=0x0000004c973fd888 mode 2
Event: 16.912 Thread 0x0000016f0f8316b0 Uncommon trap: trap_request=0xffffff45 fr.pc=0x0000016ec41726d0 relative=0x00000000000027f0
Event: 16.912 Thread 0x0000016f0f8316b0 Uncommon trap: reason=unstable_if action=reinterpret pc=0x0000016ec41726d0 method=sun.nio.cs.StreamDecoder.lockedRead0()I @ 30 c2
Event: 16.912 Thread 0x0000016f0f8316b0 DEOPT PACKING pc=0x0000016ec41726d0 sp=0x0000004c979fdf70
Event: 16.912 Thread 0x0000016f0f8316b0 DEOPT UNPACKING pc=0x0000016ec3a13aa2 sp=0x0000004c979fddc8 mode 2
Event: 16.919 Thread 0x0000016f0f8316b0 Uncommon trap: trap_request=0xffffff45 fr.pc=0x0000016ec4181ca4 relative=0x0000000000000ac4
Event: 16.919 Thread 0x0000016f0f8316b0 Uncommon trap: reason=unstable_if action=reinterpret pc=0x0000016ec4181ca4 method=org.codehaus.plexus.util.xml.pull.MXParser.nextImpl()I @ 241 c2
Event: 16.919 Thread 0x0000016f0f8316b0 DEOPT PACKING pc=0x0000016ec4181ca4 sp=0x0000004c979fe4a0
Event: 16.919 Thread 0x0000016f0f8316b0 DEOPT UNPACKING pc=0x0000016ec3a13aa2 sp=0x0000004c979fe410 mode 2
Event: 16.920 Thread 0x0000016f0f8316b0 Uncommon trap: trap_request=0xffffff45 fr.pc=0x0000016ec417784c relative=0x0000000000000f4c
Event: 16.920 Thread 0x0000016f0f8316b0 Uncommon trap: reason=unstable_if action=reinterpret pc=0x0000016ec417784c method=sun.nio.cs.StreamDecoder.lockedRead0()I @ 30 c2
Event: 16.920 Thread 0x0000016f0f8316b0 DEOPT PACKING pc=0x0000016ec417784c sp=0x0000004c979fe100
Event: 16.920 Thread 0x0000016f0f8316b0 DEOPT UNPACKING pc=0x0000016ec3a13aa2 sp=0x0000004c979fdfc8 mode 2
Event: 17.149 Thread 0x0000016f147cdc10 Uncommon trap: trap_request=0xffffff45 fr.pc=0x0000016ec40030f0 relative=0x0000000000001090
Event: 17.149 Thread 0x0000016f147cdc10 Uncommon trap: reason=unstable_if action=reinterpret pc=0x0000016ec40030f0 method=jdk.internal.jimage.ImageStringsReader.stringFromByteBufferMatches(Ljava/nio/ByteBuffer;ILjava/lang/String;I)I @ 48 c2
Event: 17.149 Thread 0x0000016f147cdc10 DEOPT PACKING pc=0x0000016ec40030f0 sp=0x0000004c973fcb30
Event: 17.149 Thread 0x0000016f147cdc10 DEOPT UNPACKING pc=0x0000016ec3a13aa2 sp=0x0000004c973fc868 mode 2

Classes loaded (20 events):
Event: 17.218 Loading class javax/xml/transform/TransformerException done
Event: 17.220 Loading class javax/xml/transform/stream/StreamResult
Event: 17.220 Loading class javax/xml/transform/stream/StreamResult done
Event: 17.240 Loading class javax/xml/transform/TransformerFactory
Event: 17.241 Loading class javax/xml/transform/TransformerFactory done
Event: 17.241 Loading class javax/xml/transform/FactoryFinder
Event: 17.241 Loading class javax/xml/transform/FactoryFinder done
Event: 17.242 Loading class javax/xml/transform/FactoryFinder$1
Event: 17.242 Loading class javax/xml/transform/FactoryFinder$1 done
Event: 17.246 Loading class com/sun/org/apache/xalan/internal/xsltc/trax/TransformerFactoryImpl
Event: 17.247 Loading class com/sun/org/apache/xalan/internal/xsltc/compiler/SourceLoader
Event: 17.247 Loading class com/sun/org/apache/xalan/internal/xsltc/compiler/SourceLoader done
Event: 17.247 Loading class javax/xml/transform/sax/SAXTransformerFactory
Event: 17.248 Loading class javax/xml/transform/sax/SAXTransformerFactory done
Event: 17.248 Loading class com/sun/org/apache/xalan/internal/xsltc/trax/TransformerFactoryImpl done
Event: 17.249 Loading class jdk/xml/internal/TransformErrorListener
Event: 17.249 Loading class javax/xml/transform/ErrorListener
Event: 17.249 Loading class javax/xml/transform/ErrorListener done
Event: 17.249 Loading class jdk/xml/internal/TransformErrorListener done
Event: 17.249 Loading class javax/xml/catalog/CatalogFeatures

Classes unloaded (7 events):
Event: 12.167 Thread 0x0000016ecd5cf140 Unloading class 0x0000016ecf1a4c00 'java/lang/invoke/LambdaForm$MH+0x0000016ecf1a4c00'
Event: 12.167 Thread 0x0000016ecd5cf140 Unloading class 0x0000016ecf1a4800 'java/lang/invoke/LambdaForm$MH+0x0000016ecf1a4800'
Event: 12.167 Thread 0x0000016ecd5cf140 Unloading class 0x0000016ecf1a4400 'java/lang/invoke/LambdaForm$MH+0x0000016ecf1a4400'
Event: 12.167 Thread 0x0000016ecd5cf140 Unloading class 0x0000016ecf1a4000 'java/lang/invoke/LambdaForm$MH+0x0000016ecf1a4000'
Event: 12.167 Thread 0x0000016ecd5cf140 Unloading class 0x0000016ecf1a3c00 'java/lang/invoke/LambdaForm$BMH+0x0000016ecf1a3c00'
Event: 12.167 Thread 0x0000016ecd5cf140 Unloading class 0x0000016ecf1a3800 'java/lang/invoke/LambdaForm$DMH+0x0000016ecf1a3800'
Event: 12.167 Thread 0x0000016ecd5cf140 Unloading class 0x0000016ecf1a2400 'java/lang/invoke/LambdaForm$DMH+0x0000016ecf1a2400'

Classes redefined (0 events):
No events

Internal exceptions (20 events):
Event: 12.290 Thread 0x0000016f147cdc10 Exception <a 'java/lang/NoSuchMethodError'{0x00000000eabb1d80}: 'java.lang.Object java.lang.invoke.Invokers$Holder.invoke_MT(java.lang.Object, java.lang.Object, java.lang.Object, java.lang.Object, java.lang.Object, java.lang.Object, java.lang.Object, java.lang.Object, java.lang.Object, java.lang.Object)'> (0x00000000eabb1d80) 
thrown [s\src\hotspot\share\interpreter\linkResolver.cpp, line 773]
Event: 12.325 Thread 0x0000016f147cdc10 Exception <a 'java/lang/NoSuchMethodError'{0x00000000eac59858}: 'java.lang.Object java.lang.invoke.DirectMethodHandle$Holder.newInvokeSpecial(java.lang.Object, java.lang.Object, java.lang.Object, java.lang.Object, java.lang.Object, java.lang.Object, java.lang.Object)'> (0x00000000eac59858) 
thrown [s\src\hotspot\share\interpreter\linkResolver.cpp, line 773]
Event: 12.350 Thread 0x0000016f147cdc10 Exception <a 'java/lang/NoSuchMethodError'{0x00000000eacd0f08}: 'java.lang.Object java.lang.invoke.Invokers$Holder.invoker(java.lang.Object, java.lang.Object, java.lang.Object, java.lang.Object, java.lang.Object, java.lang.Object, java.lang.Object, java.lang.Object, java.lang.Object, java.lang.Object, java.lang.Object, java.lang.Object, java.lang.Object)'> (0x00000000eacd0f08) 
thrown [s\src\hotspot\share\interpreter\linkResolver.cpp, line 773]
Event: 12.351 Thread 0x0000016f147cdc10 Exception <a 'java/lang/NoSuchMethodError'{0x00000000eacdb5f8}: 'java.lang.Object java.lang.invoke.DelegatingMethodHandle$Holder.delegate(java.lang.Object, java.lang.Object, java.lang.Object, java.lang.Object, java.lang.Object, java.lang.Object, java.lang.Object, java.lang.Object, java.lang.Object, java.lang.Object, java.lang.Object, java.lang.Object, java.lang.Object)'> (0x00000000eacdb5f8) 
thrown [s\src\hotspot\share\interpreter\linkResolver.cpp, line 773]
Event: 12.368 Thread 0x0000016f147cdc10 Exception <a 'java/lang/NoSuchMethodError'{0x00000000ead45480}: static Lorg/eclipse/m2e/core/internal/lifecyclemapping/model/PluginExecutionMetadata;.<clinit>()V> (0x00000000ead45480) 
thrown [s\src\hotspot\share\prims\jni.cpp, line 1111]
Event: 12.401 Thread 0x0000016f147cdc10 Exception <a 'java/lang/NoSuchMethodError'{0x00000000eada1048}: static Lorg/eclipse/m2e/core/internal/lifecyclemapping/model/PluginExecutionFilter;.<clinit>()V> (0x00000000eada1048) 
thrown [s\src\hotspot\share\prims\jni.cpp, line 1111]
Event: 12.453 Thread 0x0000016f147cdc10 Exception <a 'java/lang/NoSuchMethodError'{0x00000000eadd20d8}: static Lorg/eclipse/m2e/core/internal/project/registry/MavenProjectFacade$MavenProjectConfiguration;.<clinit>()V> (0x00000000eadd20d8) 
thrown [s\src\hotspot\share\prims\jni.cpp, line 1111]
Event: 12.647 Thread 0x0000016f147cdc10 Exception <a 'java/lang/NoSuchMethodError'{0x00000000eb2326f8}: 'double java.lang.invoke.DirectMethodHandle$Holder.invokeStatic(java.lang.Object, java.lang.Object)'> (0x00000000eb2326f8) 
thrown [s\src\hotspot\share\interpreter\linkResolver.cpp, line 773]
Event: 12.648 Thread 0x0000016f147cdc10 Exception <a 'java/lang/NoSuchMethodError'{0x00000000eb235db8}: 'double java.lang.invoke.DirectMethodHandle$Holder.invokeStaticInit(java.lang.Object, java.lang.Object)'> (0x00000000eb235db8) 
thrown [s\src\hotspot\share\interpreter\linkResolver.cpp, line 773]
Event: 13.011 Thread 0x0000016f147cdc10 Exception <a 'java/io/FileNotFoundException'{0x00000000ec2e5680}> (0x00000000ec2e5680) 
thrown [s\src\hotspot\share\prims\jni.cpp, line 520]
Event: 13.011 Thread 0x0000016f147cdc10 Exception <a 'java/io/FileNotFoundException'{0x00000000ec2e64f8}> (0x00000000ec2e64f8) 
thrown [s\src\hotspot\share\prims\jni.cpp, line 520]
Event: 13.011 Thread 0x0000016f147cdc10 Exception <a 'java/io/FileNotFoundException'{0x00000000ec2e7470}> (0x00000000ec2e7470) 
thrown [s\src\hotspot\share\prims\jni.cpp, line 520]
Event: 13.593 Thread 0x0000016f147cdc10 Implicit null exception at 0x0000016ec413ec75 to 0x0000016ec413ed68
Event: 13.729 Thread 0x0000016f0f8316b0 Exception <a 'java/lang/NoSuchMethodError'{0x00000000ebd49ea8}: 'java.lang.Object java.lang.invoke.DirectMethodHandle$Holder.invokeSpecialIFC(java.lang.Object, java.lang.Object, java.lang.Object, java.lang.Object)'> (0x00000000ebd49ea8) 
thrown [s\src\hotspot\share\interpreter\linkResolver.cpp, line 773]
Event: 14.704 Thread 0x0000016f147cdc10 Exception <a 'java/lang/NoSuchMethodError'{0x00000000ebf7dd48}: 'java.lang.Object java.lang.invoke.DirectMethodHandle$Holder.newInvokeSpecial(java.lang.Object, int, java.lang.Object, java.lang.Object)'> (0x00000000ebf7dd48) 
thrown [s\src\hotspot\share\interpreter\linkResolver.cpp, line 773]
Event: 14.721 Thread 0x0000016f147cdc10 Exception <a 'java/io/FileNotFoundException'{0x00000000ebfa03e0}> (0x00000000ebfa03e0) 
thrown [s\src\hotspot\share\prims\jni.cpp, line 520]
Event: 15.558 Thread 0x0000016f0f8316b0 Exception <a 'java/lang/NoClassDefFoundError'{0x00000000ebab9a28}: javax/enterprise/inject/Typed> (0x00000000ebab9a28) 
thrown [s\src\hotspot\share\classfile\systemDictionary.cpp, line 301]
Event: 15.604 Thread 0x0000016f147cdc10 Exception <a 'java/lang/ClassNotFoundException'{0x00000000ebb8ba58}: com/sun/org/apache/xerces/internal/impl/msg/spi/DOMMessagesProvider> (0x00000000ebb8ba58) 
thrown [s\src\hotspot\share\classfile\systemDictionary.cpp, line 312]
Event: 15.607 Thread 0x0000016f147cdc10 Exception <a 'java/lang/ClassNotFoundException'{0x00000000ebbb0090}: com/sun/org/apache/xerces/internal/impl/msg/spi/XMLSerializerMessagesProvider> (0x00000000ebbb0090) 
thrown [s\src\hotspot\share\classfile\systemDictionary.cpp, line 312]
Event: 15.610 Thread 0x0000016f147cdc10 Exception <a 'java/lang/ClassNotFoundException'{0x00000000ebbc8760}: com/sun/org/apache/xerces/internal/impl/msg/spi/XMLMessagesProvider> (0x00000000ebbc8760) 
thrown [s\src\hotspot\share\classfile\systemDictionary.cpp, line 312]

ZGC Phase Switch (0 events):
No events

VM Operations (20 events):
Event: 12.132 Executing VM operation: CollectForMetadataAllocation (Metadata GC Threshold)
Event: 12.257 Executing VM operation: CollectForMetadataAllocation (Metadata GC Threshold) done
Event: 13.054 Executing VM operation: ParallelGCFailedAllocation (Allocation Failure)
Event: 13.058 Executing VM operation: ParallelGCFailedAllocation (Allocation Failure) done
Event: 13.591 Executing VM operation: HandshakeAllThreads (Deoptimize)
Event: 13.591 Executing VM operation: HandshakeAllThreads (Deoptimize) done
Event: 13.925 Executing VM operation: ParallelGCFailedAllocation (Allocation Failure)
Event: 13.950 Executing VM operation: ParallelGCFailedAllocation (Allocation Failure) done
Event: 14.840 Executing VM operation: ParallelGCFailedAllocation (Allocation Failure)
Event: 14.845 Executing VM operation: ParallelGCFailedAllocation (Allocation Failure) done
Event: 15.186 Executing VM operation: HandshakeAllThreads (Deoptimize)
Event: 15.186 Executing VM operation: HandshakeAllThreads (Deoptimize) done
Event: 15.529 Executing VM operation: HandshakeAllThreads (Deoptimize)
Event: 15.531 Executing VM operation: HandshakeAllThreads (Deoptimize) done
Event: 15.817 Executing VM operation: HandshakeAllThreads (Deoptimize)
Event: 16.645 Executing VM operation: HandshakeAllThreads (Deoptimize) done
Event: 16.645 Executing VM operation: Cleanup
Event: 16.646 Executing VM operation: Cleanup done
Event: 16.646 Executing VM operation: ParallelGCFailedAllocation (Allocation Failure)
Event: 16.651 Executing VM operation: ParallelGCFailedAllocation (Allocation Failure) done

Memory protections (0 events):
No events

Nmethod flushes (0 events):
No events

Events (20 events):
Event: 2.524 Thread 0x0000016f0f6f2d40 Thread exited: 0x0000016f0f6f2d40
Event: 2.922 Thread 0x0000016ecd646e00 Thread added: 0x0000016f0f76f920
Event: 3.161 Thread 0x0000016f0f76f920 Thread exited: 0x0000016f0f76f920
Event: 3.557 Thread 0x0000016ecd646e00 Thread added: 0x0000016f14294550
Event: 4.241 Thread 0x0000016eb6e77e70 Thread added: 0x0000016f145749b0
Event: 4.631 Thread 0x0000016eb6e77e70 Thread added: 0x0000016f14393cd0
Event: 4.704 Thread 0x0000016f14393cd0 Thread added: 0x0000016f147c6aa0
Event: 4.718 Thread 0x0000016eb6e77e70 Thread added: 0x0000016f147cdc10
Event: 4.731 Thread 0x0000016f14294550 Thread exited: 0x0000016f14294550
Event: 5.871 Thread 0x0000016f147cdc10 Thread added: 0x0000016f145de4d0
Event: 6.869 Thread 0x0000016f147cdc10 Thread added: 0x0000016f14ca1d50
Event: 7.106 Thread 0x0000016f147cdc10 Thread added: 0x0000016f14caef20
Event: 7.418 Thread 0x0000016ecd646e00 Thread added: 0x0000016f14725160
Event: 7.792 Thread 0x0000016f14725160 Thread exited: 0x0000016f14725160
Event: 8.415 Thread 0x0000016f147cdc10 Thread added: 0x0000016f0f830300
Event: 10.118 Thread 0x0000016f147cdc10 Thread added: 0x0000016f0f82fc70
Event: 10.257 Thread 0x0000016f147cdc10 Thread added: 0x0000016f0f8323d0
Event: 10.347 Thread 0x0000016f147cdc10 Thread added: 0x0000016f0f8316b0
Event: 13.856 Thread 0x0000016f0f8323d0 Thread added: 0x0000016f0f832a60
Event: 15.722 Thread 0x0000016f147cdc10 Thread added: 0x0000016f0f831020


Dynamic libraries:
0x00007ff71c170000 - 0x00007ff71c17e000 	c:\Users\Baye Cheikh MBACKE\.cursor\extensions\redhat.java-1.42.0-win32-x64\jre\21.0.7-win32-x86_64\bin\java.exe
0x00007ffa80210000 - 0x00007ffa80427000 	C:\WINDOWS\SYSTEM32\ntdll.dll
0x00007ffa7f310000 - 0x00007ffa7f3d4000 	C:\WINDOWS\System32\KERNEL32.DLL
0x00007ffa7d330000 - 0x00007ffa7d702000 	C:\WINDOWS\System32\KERNELBASE.dll
0x00007ffa7da80000 - 0x00007ffa7db91000 	C:\WINDOWS\System32\ucrtbase.dll
0x00007ffa4f540000 - 0x00007ffa4f558000 	c:\Users\Baye Cheikh MBACKE\.cursor\extensions\redhat.java-1.42.0-win32-x64\jre\21.0.7-win32-x86_64\bin\jli.dll
0x00007ffa7f410000 - 0x00007ffa7f5c1000 	C:\WINDOWS\System32\USER32.dll
0x00007ffa7dc60000 - 0x00007ffa7dc86000 	C:\WINDOWS\System32\win32u.dll
0x00007ffa7f3e0000 - 0x00007ffa7f409000 	C:\WINDOWS\System32\GDI32.dll
0x00007ffa7d790000 - 0x00007ffa7d8b3000 	C:\WINDOWS\System32\gdi32full.dll
0x00007ffa7de00000 - 0x00007ffa7de9a000 	C:\WINDOWS\System32\msvcp_win.dll
0x00007ffa44ec0000 - 0x00007ffa44ede000 	c:\Users\Baye Cheikh MBACKE\.cursor\extensions\redhat.java-1.42.0-win32-x64\jre\21.0.7-win32-x86_64\bin\VCRUNTIME140.dll
0x00007ffa6a3a0000 - 0x00007ffa6a63b000 	C:\WINDOWS\WinSxS\amd64_microsoft.windows.common-controls_6595b64144ccf1df_6.0.22621.5415_none_270d77d17387d7da\COMCTL32.dll
0x00007ffa7fc30000 - 0x00007ffa7fcd7000 	C:\WINDOWS\System32\msvcrt.dll
0x00007ffa7fa90000 - 0x00007ffa7fac1000 	C:\WINDOWS\System32\IMM32.DLL
0x00007ffa78dc0000 - 0x00007ffa78dcc000 	c:\Users\Baye Cheikh MBACKE\.cursor\extensions\redhat.java-1.42.0-win32-x64\jre\21.0.7-win32-x86_64\bin\vcruntime140_1.dll
0x00007ffa3e870000 - 0x00007ffa3e8fd000 	c:\Users\Baye Cheikh MBACKE\.cursor\extensions\redhat.java-1.42.0-win32-x64\jre\21.0.7-win32-x86_64\bin\msvcp140.dll
0x00007ff9ced60000 - 0x00007ff9cfaf0000 	c:\Users\Baye Cheikh MBACKE\.cursor\extensions\redhat.java-1.42.0-win32-x64\jre\21.0.7-win32-x86_64\bin\server\jvm.dll
0x00007ffa7fb70000 - 0x00007ffa7fc21000 	C:\WINDOWS\System32\ADVAPI32.dll
0x00007ffa7dfd0000 - 0x00007ffa7e078000 	C:\WINDOWS\System32\sechost.dll
0x00007ffa7d300000 - 0x00007ffa7d328000 	C:\WINDOWS\System32\bcrypt.dll
0x00007ffa7f970000 - 0x00007ffa7fa84000 	C:\WINDOWS\System32\RPCRT4.dll
0x00007ffa7f0a0000 - 0x00007ffa7f111000 	C:\WINDOWS\System32\WS2_32.dll
0x00007ffa7cbd0000 - 0x00007ffa7cc1d000 	C:\WINDOWS\SYSTEM32\POWRPROF.dll
0x00007ffa77f60000 - 0x00007ffa77f94000 	C:\WINDOWS\SYSTEM32\WINMM.dll
0x00007ffa760f0000 - 0x00007ffa760fa000 	C:\WINDOWS\SYSTEM32\VERSION.dll
0x00007ffa7cb80000 - 0x00007ffa7cb93000 	C:\WINDOWS\SYSTEM32\UMPDC.dll
0x00007ffa7c330000 - 0x00007ffa7c348000 	C:\WINDOWS\SYSTEM32\kernel.appcore.dll
0x00007ffa4f530000 - 0x00007ffa4f53a000 	c:\Users\Baye Cheikh MBACKE\.cursor\extensions\redhat.java-1.42.0-win32-x64\jre\21.0.7-win32-x86_64\bin\jimage.dll
0x00007ffa6a650000 - 0x00007ffa6a883000 	C:\WINDOWS\SYSTEM32\DBGHELP.DLL
0x00007ffa7f5d0000 - 0x00007ffa7f963000 	C:\WINDOWS\System32\combase.dll
0x00007ffa7efc0000 - 0x00007ffa7f097000 	C:\WINDOWS\System32\OLEAUT32.dll
0x00007ffa5e310000 - 0x00007ffa5e342000 	C:\WINDOWS\SYSTEM32\dbgcore.DLL
0x00007ffa7da00000 - 0x00007ffa7da7b000 	C:\WINDOWS\System32\bcryptPrimitives.dll
0x00007ffa4b980000 - 0x00007ffa4b98f000 	c:\Users\Baye Cheikh MBACKE\.cursor\extensions\redhat.java-1.42.0-win32-x64\jre\21.0.7-win32-x86_64\bin\instrument.dll
0x00007ffa44b70000 - 0x00007ffa44b8f000 	c:\Users\Baye Cheikh MBACKE\.cursor\extensions\redhat.java-1.42.0-win32-x64\jre\21.0.7-win32-x86_64\bin\java.dll
0x00007ffa7e5b0000 - 0x00007ffa7ee52000 	C:\WINDOWS\System32\SHELL32.dll
0x00007ffa7d8c0000 - 0x00007ffa7d9ff000 	C:\WINDOWS\System32\wintypes.dll
0x00007ffa7b230000 - 0x00007ffa7bb4e000 	C:\WINDOWS\SYSTEM32\windows.storage.dll
0x00007ffa7e140000 - 0x00007ffa7e24b000 	C:\WINDOWS\System32\SHCORE.dll
0x00007ffa7fad0000 - 0x00007ffa7fb39000 	C:\WINDOWS\System32\shlwapi.dll
0x00007ffa7d230000 - 0x00007ffa7d25b000 	C:\WINDOWS\SYSTEM32\profapi.dll
0x00007ffa44b50000 - 0x00007ffa44b68000 	c:\Users\Baye Cheikh MBACKE\.cursor\extensions\redhat.java-1.42.0-win32-x64\jre\21.0.7-win32-x86_64\bin\zip.dll
0x00007ffa46140000 - 0x00007ffa46150000 	C:\Users\Baye Cheikh MBACKE\.cursor\extensions\redhat.java-1.42.0-win32-x64\jre\21.0.7-win32-x86_64\bin\net.dll
0x00007ffa76610000 - 0x00007ffa7673c000 	C:\WINDOWS\SYSTEM32\WINHTTP.dll
0x00007ffa7c7b0000 - 0x00007ffa7c819000 	C:\WINDOWS\system32\mswsock.dll
0x00007ffa44700000 - 0x00007ffa44716000 	C:\Users\Baye Cheikh MBACKE\.cursor\extensions\redhat.java-1.42.0-win32-x64\jre\21.0.7-win32-x86_64\bin\nio.dll
0x00007ffa44b40000 - 0x00007ffa44b50000 	c:\Users\Baye Cheikh MBACKE\.cursor\extensions\redhat.java-1.42.0-win32-x64\jre\21.0.7-win32-x86_64\bin\verify.dll
0x00007ffa3e750000 - 0x00007ffa3e795000 	C:\Users\Baye Cheikh MBACKE\AppData\Roaming\Cursor\User\globalStorage\redhat.java\1.42.0\config_win\org.eclipse.equinox.launcher\org.eclipse.equinox.launcher.win32.win32.x86_64_1.2.1300.v20250331-1702\eclipse_11911.dll
0x00007ffa7f120000 - 0x00007ffa7f2c0000 	C:\WINDOWS\System32\ole32.dll
0x00007ffa7ca00000 - 0x00007ffa7ca1b000 	C:\WINDOWS\SYSTEM32\CRYPTSP.dll
0x00007ffa7c290000 - 0x00007ffa7c2c7000 	C:\WINDOWS\system32\rsaenh.dll
0x00007ffa7c8a0000 - 0x00007ffa7c8c8000 	C:\WINDOWS\SYSTEM32\USERENV.dll
0x00007ffa7ca20000 - 0x00007ffa7ca2c000 	C:\WINDOWS\SYSTEM32\CRYPTBASE.dll
0x00007ffa7bdb0000 - 0x00007ffa7bddd000 	C:\WINDOWS\SYSTEM32\IPHLPAPI.DLL
0x00007ffa7e080000 - 0x00007ffa7e089000 	C:\WINDOWS\System32\NSI.dll
0x00007ffa3e580000 - 0x00007ffa3e5c9000 	C:\Users\Baye Cheikh MBACKE\AppData\Local\Temp\jna-1476855478\jna17396228787886519577.dll
0x00007ffa7fb60000 - 0x00007ffa7fb68000 	C:\WINDOWS\System32\PSAPI.DLL

dbghelp: loaded successfully - version: 4.0.5 - missing functions: none
symbol engine: initialized successfully - sym options: 0x614 - pdb path: .;c:\Users\Baye Cheikh MBACKE\.cursor\extensions\redhat.java-1.42.0-win32-x64\jre\21.0.7-win32-x86_64\bin;C:\WINDOWS\SYSTEM32;C:\WINDOWS\WinSxS\amd64_microsoft.windows.common-controls_6595b64144ccf1df_6.0.22621.5415_none_270d77d17387d7da;c:\Users\Baye Cheikh MBACKE\.cursor\extensions\redhat.java-1.42.0-win32-x64\jre\21.0.7-win32-x86_64\bin\server;C:\Users\Baye Cheikh MBACKE\AppData\Roaming\Cursor\User\globalStorage\redhat.java\1.42.0\config_win\org.eclipse.equinox.launcher\org.eclipse.equinox.launcher.win32.win32.x86_64_1.2.1300.v20250331-1702;C:\Users\Baye Cheikh MBACKE\AppData\Local\Temp\jna-1476855478

VM Arguments:
jvm_args: --add-modules=ALL-SYSTEM --add-opens=java.base/java.util=ALL-UNNAMED --add-opens=java.base/java.lang=ALL-UNNAMED --add-opens=java.base/sun.nio.fs=ALL-UNNAMED -Declipse.application=org.eclipse.jdt.ls.core.id1 -Dosgi.bundles.defaultStartLevel=4 -Declipse.product=org.eclipse.jdt.ls.core.product -Djava.import.generatesMetadataFilesAtProjectRoot=false -DDetectVMInstallationsJob.disabled=true -Dfile.encoding=utf8 -XX:+UseParallelGC -XX:GCTimeRatio=4 -XX:AdaptiveSizePolicyWeight=90 -Dsun.zip.disableMemoryMapping=true -Xmx1G -Xms100m -Xlog:disable -javaagent:c:\Users\Baye Cheikh MBACKE\.cursor\extensions\redhat.java-1.42.0-win32-x64\lombok\lombok-1.18.36.jar -XX:+HeapDumpOnOutOfMemoryError -XX:HeapDumpPath=c:\Users\Baye Cheikh MBACKE\AppData\Roaming\Cursor\User\workspaceStorage\aa2f89e3d245d5ef1fe758697a7b5be6\redhat.java -Daether.dependencyCollector.impl=bf 
java_command: c:\Users\Baye Cheikh MBACKE\.cursor\extensions\redhat.java-1.42.0-win32-x64\server\plugins\org.eclipse.equinox.launcher_1.7.0.v20250424-1814.jar -configuration c:\Users\Baye Cheikh MBACKE\AppData\Roaming\Cursor\User\globalStorage\redhat.java\1.42.0\config_win -data c:\Users\Baye Cheikh MBACKE\AppData\Roaming\Cursor\User\workspaceStorage\aa2f89e3d245d5ef1fe758697a7b5be6\redhat.java\jdt_ws --pipe=\\.\pipe\lsp-9032b55aab4ab01b6ffdca0fcc4733a2-sock
java_class_path (initial): c:\Users\Baye Cheikh MBACKE\.cursor\extensions\redhat.java-1.42.0-win32-x64\server\plugins\org.eclipse.equinox.launcher_1.7.0.v20250424-1814.jar
Launcher Type: SUN_STANDARD

[Global flags]
    uintx AdaptiveSizePolicyWeight                 = 90                                        {product} {command line}
     intx CICompilerCount                          = 3                                         {product} {ergonomic}
    uintx GCTimeRatio                              = 4                                         {product} {command line}
     bool HeapDumpOnOutOfMemoryError               = true                                   {manageable} {command line}
    ccstr HeapDumpPath                             = c:\Users\Baye Cheikh MBACKE\AppData\Roaming\Cursor\User\workspaceStorage\aa2f89e3d245d5ef1fe758697a7b5be6\redhat.java         {manageable} {command line}
   size_t InitialHeapSize                          = 104857600                                 {product} {command line}
   size_t MaxHeapSize                              = 1073741824                                {product} {command line}
   size_t MaxNewSize                               = 357564416                                 {product} {ergonomic}
   size_t MinHeapDeltaBytes                        = 524288                                    {product} {ergonomic}
   size_t MinHeapSize                              = 104857600                                 {product} {command line}
   size_t NewSize                                  = 34603008                                  {product} {ergonomic}
    uintx NonNMethodCodeHeapSize                   = 5832780                                {pd product} {ergonomic}
    uintx NonProfiledCodeHeapSize                  = 122912730                              {pd product} {ergonomic}
   size_t OldSize                                  = 70254592                                  {product} {ergonomic}
    uintx ProfiledCodeHeapSize                     = 122912730                              {pd product} {ergonomic}
    uintx ReservedCodeCacheSize                    = 251658240                              {pd product} {ergonomic}
     bool SegmentedCodeCache                       = true                                      {product} {ergonomic}
   size_t SoftMaxHeapSize                          = 1073741824                             {manageable} {ergonomic}
     bool UseCompressedOops                        = true                           {product lp64_product} {ergonomic}
     bool UseLargePagesIndividualAllocation        = false                                  {pd product} {ergonomic}
     bool UseParallelGC                            = true                                      {product} {command line}

Logging:
Log output configuration:
 #0: stdout all=off uptime,level,tags foldmultilines=false
 #1: stderr all=off uptime,level,tags foldmultilines=false

Environment Variables:
JAVA_HOME=C:\Program Files\Java\jdk-17
PATH=C:\Windows\System32\WindowsPowerShell\v1.0\;C:\Program Files\Git\bin;C:\Users\Baye Cheikh MBACKE\AppData\Local\Programs\Python\Python313\Scripts\;C:\Users\Baye Cheikh MBACKE\AppData\Local\Programs\Python\Python313\;C:\Users\Baye Cheikh MBACKE\AppData\Local\Microsoft\WindowsApps;C:\Users\Baye Cheikh MBACKE\AppData\Local\Programs\Microsoft VS Code\bin;C:\Program Files\JetBrains\IntelliJ IDEA Community Edition 2024.3.5\bin;;C:\src\flutter\bin;C:\nvm4w;C:\Users\Baye Cheikh MBACKE\AppData\Local\nvm;C:\nvm4w\nodejs;C:\PowerShell-7.5.0-win-x86;C:\Users\Baye Cheikh MBACKE\AppData\Roaming\npm;C:\Program Files\nodejs;C:\Users\Baye Cheikh MBACKE\AppData\Local\Programs\Python\Python313\Scripts\;C:\Program Files\Java\jdk-17\bin;C:\Program Files\apache-maven-3.9.9\bin;C:\Program Files\PostgreSQL\17\bin;C:\Users\Baye Cheikh MBACKE\AppData\Local\Programs\cursor\resources\app\bin;C:\Windows\System32\WindowsPowerShell\v1.0\;
USERNAME=Baye Cheikh MBACKE
OS=Windows_NT
PROCESSOR_IDENTIFIER=Intel64 Family 6 Model 78 Stepping 3, GenuineIntel
TMP=C:\Users\BAYECH~1\AppData\Local\Temp
TEMP=C:\Users\BAYECH~1\AppData\Local\Temp




Periodic native trim disabled

---------------  S Y S T E M  ---------------

OS:
 Windows 11 , 64 bit Build 22621 (10.0.22621.5415)
OS uptime: 0 days 17:08 hours

CPU: total 4 (initial active 4) (2 cores per cpu, 2 threads per core) family 6 model 78 stepping 3 microcode 0xf0, cx8, cmov, fxsr, ht, mmx, 3dnowpref, sse, sse2, sse3, ssse3, sse4.1, sse4.2, popcnt, lzcnt, tsc, tscinvbit, avx, avx2, aes, erms, clmul, bmi1, bmi2, adx, fma, vzeroupper, clflush, clflushopt, rdtscp, f16c
Processor Information for processor 0
  Max Mhz: 2601, Current Mhz: 2601, Mhz Limit: 2601
Processor Information for processor 1
  Max Mhz: 2601, Current Mhz: 1500, Mhz Limit: 2601
Processor Information for processor 2
  Max Mhz: 2601, Current Mhz: 1500, Mhz Limit: 2601
Processor Information for processor 3
  Max Mhz: 2601, Current Mhz: 1500, Mhz Limit: 2601

Memory: 4k page, system-wide physical 8075M (317M free)
TotalPageFile size 23218M (AvailPageFile size 12M)
current process WorkingSet (physical memory assigned to process): 166M, peak: 170M
current process commit charge ("private bytes"): 248M, peak: 253M

vm_info: OpenJDK 64-Bit Server VM (21.0.7+6-LTS) for windows-amd64 JRE (21.0.7+6-LTS), built on 2025-04-15T00:00:00Z by "admin" with MS VC++ 17.7 (VS2022)

END.
