#
# There is insufficient memory for the Java Runtime Environment to continue.
# Native memory allocation (malloc) failed to allocate 1485296 bytes. Error detail: Chunk::new
# Possible reasons:
#   The system is out of physical RAM or swap space
#   This process is running with CompressedOops enabled, and the Java Heap may be blocking the growth of the native heap
# Possible solutions:
#   Reduce memory load on the system
#   Increase physical memory or swap space
#   Check if swap backing store is full
#   Decrease Java heap size (-Xmx/-Xms)
#   Decrease number of Java threads
#   Decrease Java thread stack sizes (-Xss)
#   Set larger code cache with -XX:ReservedCodeCacheSize=
#   JVM is running with Unscaled Compressed Oops mode in which the Java heap is
#     placed in the first 4GB address space. The Java Heap base address is the
#     maximum limit for the native heap growth. Please use -XX:HeapBaseMinAddress
#     to set the Java Heap base and to place the Java Heap above 4GB virtual address.
# This output file may be truncated or incomplete.
#
#  Out of Memory Error (arena.cpp:168), pid=1456, tid=9400
#
# JRE version: OpenJDK Runtime Environment Temurin-21.0.7+6 (21.0.7+6) (build 21.0.7+6-LTS)
# Java VM: OpenJDK 64-Bit Server VM Temurin-21.0.7+6 (21.0.7+6-LTS, mixed mode, sharing, tiered, compressed oops, compressed class ptrs, parallel gc, windows-amd64)
# No core dump will be written. Minidumps are not enabled by default on client versions of Windows
#

---------------  S U M M A R Y ------------

Command Line: --add-modules=ALL-SYSTEM --add-opens=java.base/java.util=ALL-UNNAMED --add-opens=java.base/java.lang=ALL-UNNAMED --add-opens=java.base/sun.nio.fs=ALL-UNNAMED -Declipse.application=org.eclipse.jdt.ls.core.id1 -Dosgi.bundles.defaultStartLevel=4 -Declipse.product=org.eclipse.jdt.ls.core.product -Djava.import.generatesMetadataFilesAtProjectRoot=false -DDetectVMInstallationsJob.disabled=true -Dfile.encoding=utf8 -XX:+UseParallelGC -XX:GCTimeRatio=4 -XX:AdaptiveSizePolicyWeight=90 -Dsun.zip.disableMemoryMapping=true -Xmx1G -Xms100m -Xlog:disable -javaagent:c:\Users\Baye Cheikh MBACKE\.cursor\extensions\redhat.java-1.42.0-win32-x64\lombok\lombok-1.18.36.jar -XX:+HeapDumpOnOutOfMemoryError -XX:HeapDumpPath=c:\Users\Baye Cheikh MBACKE\AppData\Roaming\Cursor\User\workspaceStorage\aa2f89e3d245d5ef1fe758697a7b5be6\redhat.java -Daether.dependencyCollector.impl=bf c:\Users\Baye Cheikh MBACKE\.cursor\extensions\redhat.java-1.42.0-win32-x64\server\plugins\org.eclipse.equinox.launcher_1.7.0.v20250424-1814.jar -configuration c:\Users\Baye Cheikh MBACKE\AppData\Roaming\Cursor\User\globalStorage\redhat.java\1.42.0\config_win -data c:\Users\Baye Cheikh MBACKE\AppData\Roaming\Cursor\User\workspaceStorage\aa2f89e3d245d5ef1fe758697a7b5be6\redhat.java\jdt_ws --pipe=\\.\pipe\lsp-f298ae4ab42873353e6c30d616e6fff3-sock

Host: Intel(R) Core(TM) i7-6500U CPU @ 2.50GHz, 4 cores, 7G,  Windows 11 , 64 bit Build 22621 (10.0.22621.5415)
Time: Wed Jun 25 15:09:30 2025 Greenwich elapsed time: 101.595194 seconds (0d 0h 1m 41s)

---------------  T H R E A D  ---------------

Current thread (0x000001c4c9cc2ee0):  JavaThread "C2 CompilerThread0" daemon [_thread_in_native, id=9400, stack(0x000000869b700000,0x000000869b800000) (1024K)]


Current CompileTask:
C2:101595 14718       4       org.eclipse.jdt.internal.compiler.lookup.BinaryTypeBinding::createMethod (1666 bytes)

Stack: [0x000000869b700000,0x000000869b800000]
Native frames: (J=compiled Java code, j=interpreted, Vv=VM code, C=native code)
V  [jvm.dll+0x6ce119]
V  [jvm.dll+0x8a84a1]
V  [jvm.dll+0x8aa9ce]
V  [jvm.dll+0x8ab0b3]
V  [jvm.dll+0x27f8a6]
V  [jvm.dll+0xc507d]
V  [jvm.dll+0xc55b3]
V  [jvm.dll+0x3b68f2]
V  [jvm.dll+0x382aa5]
V  [jvm.dll+0x381f0a]
V  [jvm.dll+0x247af0]
V  [jvm.dll+0x2470cf]
V  [jvm.dll+0x1c760e]
V  [jvm.dll+0x25695a]
V  [jvm.dll+0x254efa]
V  [jvm.dll+0x3f03f6]
V  [jvm.dll+0x851f6b]
V  [jvm.dll+0x6cc7dd]
C  [ucrtbase.dll+0x29333]
C  [KERNEL32.DLL+0x1259d]
C  [ntdll.dll+0x5af78]


---------------  P R O C E S S  ---------------

Threads class SMR info:
_java_thread_list=0x000001c51078f4d0, length=46, elements={
0x000001c4b598c4f0, 0x000001c4b5a4a630, 0x000001c4b5a4bd30, 0x000001c4b5a4cdd0,
0x000001c4c9cbff40, 0x000001c4c9cc1710, 0x000001c4c9cc2160, 0x000001c4c9cc2ee0,
0x000001c4c9d363c0, 0x000001c50bade850, 0x000001c50bd1a620, 0x000001c5105b9d80,
0x000001c50bc34670, 0x000001c50bd8edf0, 0x000001c50bd8f820, 0x000001c50bdc8150,
0x000001c5100e8a10, 0x000001c51003eef0, 0x000001c51003c100, 0x000001c51003e860,
0x000001c51003db40, 0x000001c51003c790, 0x000001c51003ce20, 0x000001c51003f580,
0x000001c51003d4b0, 0x000001c51003e1d0, 0x000001c51050e260, 0x000001c51050ceb0,
0x000001c510509a30, 0x000001c5105093a0, 0x000001c51050d540, 0x000001c510508d10,
0x000001c51050b470, 0x000001c51050dbd0, 0x000001c510510330, 0x000001c51050ef80,
0x000001c51050c820, 0x000001c51050fca0, 0x000001c51050ade0, 0x000001c5117b7db0,
0x000001c5117b9e80, 0x000001c5117bd990, 0x000001c5117be020, 0x000001c5117bf3d0,
0x000001c5117bb8c0, 0x000001c5117b97f0
}

Java Threads: ( => current thread )
  0x000001c4b598c4f0 JavaThread "main"                              [_thread_blocked, id=13948, stack(0x000000869ad00000,0x000000869ae00000) (1024K)]
  0x000001c4b5a4a630 JavaThread "Reference Handler"          daemon [_thread_blocked, id=15044, stack(0x000000869b100000,0x000000869b200000) (1024K)]
  0x000001c4b5a4bd30 JavaThread "Finalizer"                  daemon [_thread_blocked, id=8024, stack(0x000000869b200000,0x000000869b300000) (1024K)]
  0x000001c4b5a4cdd0 JavaThread "Signal Dispatcher"          daemon [_thread_blocked, id=13244, stack(0x000000869b300000,0x000000869b400000) (1024K)]
  0x000001c4c9cbff40 JavaThread "Attach Listener"            daemon [_thread_blocked, id=15892, stack(0x000000869b400000,0x000000869b500000) (1024K)]
  0x000001c4c9cc1710 JavaThread "Service Thread"             daemon [_thread_blocked, id=16488, stack(0x000000869b500000,0x000000869b600000) (1024K)]
  0x000001c4c9cc2160 JavaThread "Monitor Deflation Thread"   daemon [_thread_blocked, id=2500, stack(0x000000869b600000,0x000000869b700000) (1024K)]
=>0x000001c4c9cc2ee0 JavaThread "C2 CompilerThread0"         daemon [_thread_in_native, id=9400, stack(0x000000869b700000,0x000000869b800000) (1024K)]
  0x000001c4c9d363c0 JavaThread "C1 CompilerThread0"         daemon [_thread_blocked, id=12228, stack(0x000000869b800000,0x000000869b900000) (1024K)]
  0x000001c50bade850 JavaThread "Common-Cleaner"             daemon [_thread_blocked, id=4476, stack(0x000000869b900000,0x000000869ba00000) (1024K)]
  0x000001c50bd1a620 JavaThread "Notification Thread"        daemon [_thread_blocked, id=12380, stack(0x000000869ba00000,0x000000869bb00000) (1024K)]
  0x000001c5105b9d80 JavaThread "Active Thread: Equinox Container: 06b63e84-6062-4b80-8251-7ed2516482ea"        [_thread_blocked, id=9356, stack(0x000000869be00000,0x000000869bf00000) (1024K)]
  0x000001c50bc34670 JavaThread "Refresh Thread: Equinox Container: 06b63e84-6062-4b80-8251-7ed2516482ea" daemon [_thread_blocked, id=3868, stack(0x000000869bf00000,0x000000869c000000) (1024K)]
  0x000001c50bd8edf0 JavaThread "Framework Event Dispatcher: Equinox Container: 06b63e84-6062-4b80-8251-7ed2516482ea" daemon [_thread_blocked, id=16296, stack(0x000000869c000000,0x000000869c100000) (1024K)]
  0x000001c50bd8f820 JavaThread "Start Level: Equinox Container: 06b63e84-6062-4b80-8251-7ed2516482ea" daemon [_thread_blocked, id=9528, stack(0x000000869c100000,0x000000869c200000) (1024K)]
  0x000001c50bdc8150 JavaThread "Bundle File Closer"         daemon [_thread_blocked, id=15896, stack(0x000000869c200000,0x000000869c300000) (1024K)]
  0x000001c5100e8a10 JavaThread "SCR Component Actor"        daemon [_thread_blocked, id=14656, stack(0x000000869c300000,0x000000869c400000) (1024K)]
  0x000001c51003eef0 JavaThread "Worker-JM"                         [_thread_blocked, id=9412, stack(0x000000869c600000,0x000000869c700000) (1024K)]
  0x000001c51003c100 JavaThread "JNA Cleaner"                daemon [_thread_blocked, id=3244, stack(0x000000869c700000,0x000000869c800000) (1024K)]
  0x000001c51003e860 JavaThread "Worker-0"                          [_thread_blocked, id=13328, stack(0x000000869c800000,0x000000869c900000) (1024K)]
  0x000001c51003db40 JavaThread "Worker-1"                          [_thread_blocked, id=11812, stack(0x000000869c900000,0x000000869ca00000) (1024K)]
  0x000001c51003c790 JavaThread "Java indexing"              daemon [_thread_in_native, id=15724, stack(0x000000869ca00000,0x000000869cb00000) (1024K)]
  0x000001c51003ce20 JavaThread "Worker-2: Java indexing... "        [_thread_blocked, id=9576, stack(0x000000869cb00000,0x000000869cc00000) (1024K)]
  0x000001c51003f580 JavaThread "Worker-3: Initialize workspace"        [_thread_blocked, id=124, stack(0x000000869ce00000,0x000000869cf00000) (1024K)]
  0x000001c51003d4b0 JavaThread "Worker-4: Initialize Workspace"        [_thread_blocked, id=14648, stack(0x000000869cf00000,0x000000869d000000) (1024K)]
  0x000001c51003e1d0 JavaThread "Thread-2"                   daemon [_thread_in_native, id=15592, stack(0x000000869d000000,0x000000869d100000) (1024K)]
  0x000001c51050e260 JavaThread "Thread-3"                   daemon [_thread_in_native, id=52, stack(0x000000869d100000,0x000000869d200000) (1024K)]
  0x000001c51050ceb0 JavaThread "Thread-4"                   daemon [_thread_in_native, id=13108, stack(0x000000869d200000,0x000000869d300000) (1024K)]
  0x000001c510509a30 JavaThread "Thread-5"                   daemon [_thread_in_native, id=1932, stack(0x000000869d300000,0x000000869d400000) (1024K)]
  0x000001c5105093a0 JavaThread "Thread-6"                   daemon [_thread_in_native, id=15672, stack(0x000000869d400000,0x000000869d500000) (1024K)]
  0x000001c51050d540 JavaThread "pool-2-thread-1"                   [_thread_blocked, id=16860, stack(0x000000869d500000,0x000000869d600000) (1024K)]
  0x000001c510508d10 JavaThread "WorkspaceEventsHandler"            [_thread_blocked, id=13432, stack(0x000000869d600000,0x000000869d700000) (1024K)]
  0x000001c51050b470 JavaThread "pool-1-thread-1"                   [_thread_blocked, id=13988, stack(0x000000869d700000,0x000000869d800000) (1024K)]
  0x000001c51050dbd0 JavaThread "Worker-5"                          [_thread_blocked, id=9984, stack(0x000000869d800000,0x000000869d900000) (1024K)]
  0x000001c510510330 JavaThread "Worker-6"                          [_thread_blocked, id=4924, stack(0x000000869d900000,0x000000869da00000) (1024K)]
  0x000001c51050ef80 JavaThread "LocalFile Deleter"          daemon [_thread_blocked, id=15648, stack(0x000000869c400000,0x000000869c500000) (1024K)]
  0x000001c51050c820 JavaThread "LocalFile Deleter"          daemon [_thread_blocked, id=13132, stack(0x000000869c500000,0x000000869c600000) (1024K)]
  0x000001c51050fca0 JavaThread "LocalFile Deleter"          daemon [_thread_blocked, id=14620, stack(0x000000869da00000,0x000000869db00000) (1024K)]
  0x000001c51050ade0 JavaThread "LocalFile Deleter"          daemon [_thread_blocked, id=15692, stack(0x000000869db00000,0x000000869dc00000) (1024K)]
  0x000001c5117b7db0 JavaThread "Compiler Source File Reader" daemon [_thread_blocked, id=12452, stack(0x000000869dc00000,0x000000869dd00000) (1024K)]
  0x000001c5117b9e80 JavaThread "Compiler Source File Reader" daemon [_thread_blocked, id=15872, stack(0x000000869dd00000,0x000000869de00000) (1024K)]
  0x000001c5117bd990 JavaThread "Compiler Processing Task"   daemon [_thread_blocked, id=13020, stack(0x000000869de00000,0x000000869df00000) (1024K)]
  0x000001c5117be020 JavaThread "Compiler Class File Writer" daemon [_thread_blocked, id=17244, stack(0x000000869df00000,0x000000869e000000) (1024K)]
  0x000001c5117bf3d0 JavaThread "Compiler Class File Writer" daemon [_thread_blocked, id=6000, stack(0x000000869e000000,0x000000869e100000) (1024K)]
  0x000001c5117bb8c0 JavaThread "Worker-7"                          [_thread_blocked, id=16372, stack(0x000000869ab00000,0x000000869ac00000) (1024K)]
  0x000001c5117b97f0 JavaThread "ForkJoinPool.commonPool-worker-1" daemon [_thread_blocked, id=13868, stack(0x000000869ac00000,0x000000869ad00000) (1024K)]
Total: 46

Other Threads:
  0x000001c4c9cbe890 VMThread "VM Thread"                           [id=16608, stack(0x000000869b000000,0x000000869b100000) (1024K)]
  0x000001c4b59fb2f0 WatcherThread "VM Periodic Task Thread"        [id=1884, stack(0x000000869af00000,0x000000869b000000) (1024K)]
  0x000001c4b59aa840 WorkerThread "GC Thread#0"                     [id=5256, stack(0x000000869ae00000,0x000000869af00000) (1024K)]
  0x000001c510259850 WorkerThread "GC Thread#1"                     [id=15500, stack(0x000000869bb00000,0x000000869bc00000) (1024K)]
  0x000001c510259bf0 WorkerThread "GC Thread#2"                     [id=12944, stack(0x000000869bc00000,0x000000869bd00000) (1024K)]
  0x000001c50bd9a1c0 WorkerThread "GC Thread#3"                     [id=17384, stack(0x000000869bd00000,0x000000869be00000) (1024K)]
Total: 6

Threads with active compile tasks:
C2 CompilerThread0  101657 14718       4       org.eclipse.jdt.internal.compiler.lookup.BinaryTypeBinding::createMethod (1666 bytes)
Total: 1

VM state: not at safepoint (normal execution)

VM Mutex/Monitor currently owned by a thread: None

Heap address: 0x00000000c0000000, size: 1024 MB, Compressed Oops mode: 32-bit

CDS archive(s) mapped at: [0x000001c4ca000000-0x000001c4caba0000-0x000001c4caba0000), size 12189696, SharedBaseAddress: 0x000001c4ca000000, ArchiveRelocationMode: 1.
Compressed class space mapped at: 0x000001c4cb000000-0x000001c50b000000, reserved size: 1073741824
Narrow klass base: 0x000001c4ca000000, Narrow klass shift: 0, Narrow klass range: 0x100000000

GC Precious Log:
 CardTable entry size: 512
 CPUs: 4 total, 4 available
 Memory: 8075M
 Large Page Support: Disabled
 NUMA Support: Disabled
 Compressed Oops: Enabled (32-bit)
 Alignments: Space 512K, Generation 512K, Heap 2M
 Heap Min Capacity: 100M
 Heap Initial Capacity: 100M
 Heap Max Capacity: 1G
 Pre-touch: Disabled
 Parallel Workers: 4

Heap:
 PSYoungGen      total 6144K, used 4172K [0x00000000eab00000, 0x00000000eb200000, 0x0000000100000000)
  eden space 5120K, 67% used [0x00000000eab00000,0x00000000eae63250,0x00000000eb000000)
  from space 1024K, 68% used [0x00000000eb000000,0x00000000eb0b0000,0x00000000eb100000)
  to   space 1024K, 0% used [0x00000000eb100000,0x00000000eb100000,0x00000000eb200000)
 ParOldGen       total 449536K, used 449430K [0x00000000c0000000, 0x00000000db700000, 0x00000000eab00000)
  object space 449536K, 99% used [0x00000000c0000000,0x00000000db6e58d0,0x00000000db700000)
 Metaspace       used 73744K, committed 75200K, reserved 1179648K
  class space    used 7720K, committed 8320K, reserved 1048576K

Card table byte_map: [0x000001c4b5330000,0x000001c4b5540000] _byte_map_base: 0x000001c4b4d30000

Marking Bits: (ParMarkBitMap*) 0x00007ff9cf5331f0
 Begin Bits: [0x000001c4c7b80000, 0x000001c4c8b80000)
 End Bits:   [0x000001c4c8b80000, 0x000001c4c9b80000)

Polling page: 0x000001c4b3810000

Metaspace:

Usage:
  Non-class:     64.48 MB used.
      Class:      7.54 MB used.
       Both:     72.02 MB used.

Virtual space:
  Non-class space:      128.00 MB reserved,      65.31 MB ( 51%) committed,  2 nodes.
      Class space:        1.00 GB reserved,       8.12 MB ( <1%) committed,  1 nodes.
             Both:        1.12 GB reserved,      73.44 MB (  6%) committed. 

Chunk freelists:
   Non-Class:  14.65 MB
       Class:  7.88 MB
        Both:  22.52 MB

MaxMetaspaceSize: unlimited
CompressedClassSpaceSize: 1.00 GB
Initial GC threshold: 21.00 MB
Current GC threshold: 97.81 MB
CDS: on
 - commit_granule_bytes: 65536.
 - commit_granule_words: 8192.
 - virtual_space_node_default_size: 8388608.
 - enlarge_chunks_in_place: 1.
 - use_allocation_guard: 0.


Internal statistics:

num_allocs_failed_limit: 13.
num_arena_births: 1266.
num_arena_deaths: 14.
num_vsnodes_births: 3.
num_vsnodes_deaths: 0.
num_space_committed: 1175.
num_space_uncommitted: 0.
num_chunks_returned_to_freelist: 27.
num_chunks_taken_from_freelist: 4649.
num_chunk_merges: 9.
num_chunk_splits: 2906.
num_chunks_enlarged: 1750.
num_inconsistent_stats: 0.

CodeHeap 'non-profiled nmethods': size=120000Kb used=9534Kb max_used=9534Kb free=110465Kb
 bounds [0x000001c4c0650000, 0x000001c4c0fa0000, 0x000001c4c7b80000]
CodeHeap 'profiled nmethods': size=120000Kb used=31444Kb max_used=31444Kb free=88555Kb
 bounds [0x000001c4b8b80000, 0x000001c4baa40000, 0x000001c4c00b0000]
CodeHeap 'non-nmethods': size=5760Kb used=1442Kb max_used=1508Kb free=4317Kb
 bounds [0x000001c4c00b0000, 0x000001c4c0320000, 0x000001c4c0650000]
 total_blobs=14652 nmethods=13891 adapters=666
 compilation: enabled
              stopped_count=0, restarted_count=0
 full_count=0

Compilation events (20 events):
Event: 101.286 Thread 0x000001c4c9d363c0 14720       3       org.eclipse.jdt.internal.compiler.ast.FakedTrackingVariable::cleanUpUnassigned (35 bytes)
Event: 101.287 Thread 0x000001c4c9d363c0 nmethod 14720 0x000001c4baa31990 code [0x000001c4baa31ba0, 0x000001c4baa32258]
Event: 101.287 Thread 0x000001c4c9d363c0 14721       3       org.eclipse.jdt.internal.compiler.lookup.BlockScope::hasResourceTrackers (23 bytes)
Event: 101.288 Thread 0x000001c4c9d363c0 nmethod 14721 0x000001c4baa32510 code [0x000001c4baa326c0, 0x000001c4baa32928]
Event: 101.288 Thread 0x000001c4c9d363c0 14719       1       org.eclipse.jdt.internal.core.SingleTypeRequestor::getType (5 bytes)
Event: 101.288 Thread 0x000001c4c9d363c0 nmethod 14719 0x000001c4c0f9ed10 code [0x000001c4c0f9eea0, 0x000001c4c0f9ef68]
Event: 101.288 Thread 0x000001c4c9d363c0 14723       1       org.eclipse.jdt.internal.compiler.lookup.BaseTypeBinding::constantPoolName (5 bytes)
Event: 101.288 Thread 0x000001c4c9d363c0 nmethod 14723 0x000001c4c0f9f010 code [0x000001c4c0f9f1a0, 0x000001c4c0f9f268]
Event: 101.288 Thread 0x000001c4c9d363c0 14722       1       org.eclipse.jdt.internal.compiler.ast.ConstructorDeclaration::isConstructor (2 bytes)
Event: 101.288 Thread 0x000001c4c9d363c0 nmethod 14722 0x000001c4c0f9f310 code [0x000001c4c0f9f4a0, 0x000001c4c0f9f568]
Event: 101.288 Thread 0x000001c4c9d363c0 14715       3       org.eclipse.jdt.internal.compiler.lookup.TypeBinding::needsUncheckedConversion (109 bytes)
Event: 101.289 Thread 0x000001c4c9d363c0 nmethod 14715 0x000001c4baa32a10 code [0x000001c4baa32cc0, 0x000001c4baa33b18]
Event: 101.291 Thread 0x000001c4c9d363c0 14724       3       java.util.concurrent.locks.LockSupport::unpark (26 bytes)
Event: 101.291 Thread 0x000001c4c9d363c0 nmethod 14724 0x000001c4baa33e10 code [0x000001c4baa33fe0, 0x000001c4baa34328]
Event: 101.293 Thread 0x000001c4c9d363c0 14726       3       java.nio.charset.CharsetEncoder::<init> (16 bytes)
Event: 101.294 Thread 0x000001c4c9d363c0 nmethod 14726 0x000001c4baa34410 code [0x000001c4baa345c0, 0x000001c4baa347a0]
Event: 101.294 Thread 0x000001c4c9d363c0 14727       3       org.eclipse.core.runtime.Status::matches (13 bytes)
Event: 101.294 Thread 0x000001c4c9d363c0 nmethod 14727 0x000001c4baa34890 code [0x000001c4baa34a40, 0x000001c4baa34bb8]
Event: 101.294 Thread 0x000001c4c9d363c0 14728       3       com.google.gson.stream.JsonWriter::setStrictness (12 bytes)
Event: 101.294 Thread 0x000001c4c9d363c0 nmethod 14728 0x000001c4baa34c90 code [0x000001c4baa34e40, 0x000001c4baa350c0]

GC Heap History (20 events):
Event: 100.806 GC heap before
{Heap before GC invocations=1251 (full 3):
 PSYoungGen      total 5632K, used 5440K [0x00000000eab00000, 0x00000000eb180000, 0x0000000100000000)
  eden space 5120K, 100% used [0x00000000eab00000,0x00000000eb000000,0x00000000eb000000)
  from space 512K, 62% used [0x00000000eb080000,0x00000000eb0d0150,0x00000000eb100000)
  to   space 512K, 0% used [0x00000000eb100000,0x00000000eb100000,0x00000000eb180000)
 ParOldGen       total 446976K, used 446340K [0x00000000c0000000, 0x00000000db480000, 0x00000000eab00000)
  object space 446976K, 99% used [0x00000000c0000000,0x00000000db3e1228,0x00000000db480000)
 Metaspace       used 73485K, committed 74944K, reserved 1179648K
  class space    used 7688K, committed 8320K, reserved 1048576K
}
Event: 100.809 GC heap after
{Heap after GC invocations=1251 (full 3):
 PSYoungGen      total 5632K, used 276K [0x00000000eab00000, 0x00000000eb180000, 0x0000000100000000)
  eden space 5120K, 0% used [0x00000000eab00000,0x00000000eab00000,0x00000000eb000000)
  from space 512K, 54% used [0x00000000eb100000,0x00000000eb1452c0,0x00000000eb180000)
  to   space 512K, 0% used [0x00000000eb080000,0x00000000eb080000,0x00000000eb100000)
 ParOldGen       total 446976K, used 446527K [0x00000000c0000000, 0x00000000db480000, 0x00000000eab00000)
  object space 446976K, 99% used [0x00000000c0000000,0x00000000db40ffe0,0x00000000db480000)
 Metaspace       used 73485K, committed 74944K, reserved 1179648K
  class space    used 7688K, committed 8320K, reserved 1048576K
}
Event: 100.834 GC heap before
{Heap before GC invocations=1252 (full 3):
 PSYoungGen      total 5632K, used 5396K [0x00000000eab00000, 0x00000000eb180000, 0x0000000100000000)
  eden space 5120K, 100% used [0x00000000eab00000,0x00000000eb000000,0x00000000eb000000)
  from space 512K, 54% used [0x00000000eb100000,0x00000000eb1452c0,0x00000000eb180000)
  to   space 512K, 0% used [0x00000000eb080000,0x00000000eb080000,0x00000000eb100000)
 ParOldGen       total 446976K, used 446527K [0x00000000c0000000, 0x00000000db480000, 0x00000000eab00000)
  object space 446976K, 99% used [0x00000000c0000000,0x00000000db40ffe0,0x00000000db480000)
 Metaspace       used 73485K, committed 74944K, reserved 1179648K
  class space    used 7688K, committed 8320K, reserved 1048576K
}
Event: 100.837 GC heap after
{Heap after GC invocations=1252 (full 3):
 PSYoungGen      total 5632K, used 203K [0x00000000eab00000, 0x00000000eb180000, 0x0000000100000000)
  eden space 5120K, 0% used [0x00000000eab00000,0x00000000eab00000,0x00000000eb000000)
  from space 512K, 39% used [0x00000000eb080000,0x00000000eb0b2f38,0x00000000eb100000)
  to   space 512K, 0% used [0x00000000eb100000,0x00000000eb100000,0x00000000eb180000)
 ParOldGen       total 446976K, used 446706K [0x00000000c0000000, 0x00000000db480000, 0x00000000eab00000)
  object space 446976K, 99% used [0x00000000c0000000,0x00000000db43c888,0x00000000db480000)
 Metaspace       used 73485K, committed 74944K, reserved 1179648K
  class space    used 7688K, committed 8320K, reserved 1048576K
}
Event: 100.863 GC heap before
{Heap before GC invocations=1253 (full 3):
 PSYoungGen      total 5632K, used 5323K [0x00000000eab00000, 0x00000000eb180000, 0x0000000100000000)
  eden space 5120K, 100% used [0x00000000eab00000,0x00000000eb000000,0x00000000eb000000)
  from space 512K, 39% used [0x00000000eb080000,0x00000000eb0b2f38,0x00000000eb100000)
  to   space 512K, 0% used [0x00000000eb100000,0x00000000eb100000,0x00000000eb180000)
 ParOldGen       total 446976K, used 446706K [0x00000000c0000000, 0x00000000db480000, 0x00000000eab00000)
  object space 446976K, 99% used [0x00000000c0000000,0x00000000db43c888,0x00000000db480000)
 Metaspace       used 73485K, committed 74944K, reserved 1179648K
  class space    used 7688K, committed 8320K, reserved 1048576K
}
Event: 100.866 GC heap after
{Heap after GC invocations=1253 (full 3):
 PSYoungGen      total 5632K, used 224K [0x00000000eab00000, 0x00000000eb180000, 0x0000000100000000)
  eden space 5120K, 0% used [0x00000000eab00000,0x00000000eab00000,0x00000000eb000000)
  from space 512K, 43% used [0x00000000eb100000,0x00000000eb138000,0x00000000eb180000)
  to   space 512K, 0% used [0x00000000eb080000,0x00000000eb080000,0x00000000eb100000)
 ParOldGen       total 446976K, used 446837K [0x00000000c0000000, 0x00000000db480000, 0x00000000eab00000)
  object space 446976K, 99% used [0x00000000c0000000,0x00000000db45d7c0,0x00000000db480000)
 Metaspace       used 73485K, committed 74944K, reserved 1179648K
  class space    used 7688K, committed 8320K, reserved 1048576K
}
Event: 100.884 GC heap before
{Heap before GC invocations=1254 (full 3):
 PSYoungGen      total 5632K, used 5344K [0x00000000eab00000, 0x00000000eb180000, 0x0000000100000000)
  eden space 5120K, 100% used [0x00000000eab00000,0x00000000eb000000,0x00000000eb000000)
  from space 512K, 43% used [0x00000000eb100000,0x00000000eb138000,0x00000000eb180000)
  to   space 512K, 0% used [0x00000000eb080000,0x00000000eb080000,0x00000000eb100000)
 ParOldGen       total 446976K, used 446837K [0x00000000c0000000, 0x00000000db480000, 0x00000000eab00000)
  object space 446976K, 99% used [0x00000000c0000000,0x00000000db45d7c0,0x00000000db480000)
 Metaspace       used 73485K, committed 74944K, reserved 1179648K
  class space    used 7688K, committed 8320K, reserved 1048576K
}
Event: 100.888 GC heap after
{Heap after GC invocations=1254 (full 3):
 PSYoungGen      total 5632K, used 192K [0x00000000eab00000, 0x00000000eb180000, 0x0000000100000000)
  eden space 5120K, 0% used [0x00000000eab00000,0x00000000eab00000,0x00000000eb000000)
  from space 512K, 37% used [0x00000000eb080000,0x00000000eb0b0000,0x00000000eb100000)
  to   space 512K, 0% used [0x00000000eb100000,0x00000000eb100000,0x00000000eb180000)
 ParOldGen       total 446976K, used 446950K [0x00000000c0000000, 0x00000000db480000, 0x00000000eab00000)
  object space 446976K, 99% used [0x00000000c0000000,0x00000000db479810,0x00000000db480000)
 Metaspace       used 73485K, committed 74944K, reserved 1179648K
  class space    used 7688K, committed 8320K, reserved 1048576K
}
Event: 100.917 GC heap before
{Heap before GC invocations=1255 (full 3):
 PSYoungGen      total 5632K, used 5312K [0x00000000eab00000, 0x00000000eb180000, 0x0000000100000000)
  eden space 5120K, 100% used [0x00000000eab00000,0x00000000eb000000,0x00000000eb000000)
  from space 512K, 37% used [0x00000000eb080000,0x00000000eb0b0000,0x00000000eb100000)
  to   space 512K, 0% used [0x00000000eb100000,0x00000000eb100000,0x00000000eb180000)
 ParOldGen       total 446976K, used 446950K [0x00000000c0000000, 0x00000000db480000, 0x00000000eab00000)
  object space 446976K, 99% used [0x00000000c0000000,0x00000000db479810,0x00000000db480000)
 Metaspace       used 73486K, committed 75008K, reserved 1179648K
  class space    used 7688K, committed 8320K, reserved 1048576K
}
Event: 100.920 GC heap after
{Heap after GC invocations=1255 (full 3):
 PSYoungGen      total 5632K, used 192K [0x00000000eab00000, 0x00000000eb180000, 0x0000000100000000)
  eden space 5120K, 0% used [0x00000000eab00000,0x00000000eab00000,0x00000000eb000000)
  from space 512K, 37% used [0x00000000eb100000,0x00000000eb130000,0x00000000eb180000)
  to   space 512K, 0% used [0x00000000eb080000,0x00000000eb080000,0x00000000eb100000)
 ParOldGen       total 447488K, used 447046K [0x00000000c0000000, 0x00000000db500000, 0x00000000eab00000)
  object space 447488K, 99% used [0x00000000c0000000,0x00000000db491810,0x00000000db500000)
 Metaspace       used 73486K, committed 75008K, reserved 1179648K
  class space    used 7688K, committed 8320K, reserved 1048576K
}
Event: 101.018 GC heap before
{Heap before GC invocations=1256 (full 3):
 PSYoungGen      total 5632K, used 5312K [0x00000000eab00000, 0x00000000eb180000, 0x0000000100000000)
  eden space 5120K, 100% used [0x00000000eab00000,0x00000000eb000000,0x00000000eb000000)
  from space 512K, 37% used [0x00000000eb100000,0x00000000eb130000,0x00000000eb180000)
  to   space 512K, 0% used [0x00000000eb080000,0x00000000eb080000,0x00000000eb100000)
 ParOldGen       total 447488K, used 447046K [0x00000000c0000000, 0x00000000db500000, 0x00000000eab00000)
  object space 447488K, 99% used [0x00000000c0000000,0x00000000db491810,0x00000000db500000)
 Metaspace       used 73532K, committed 75008K, reserved 1179648K
  class space    used 7701K, committed 8320K, reserved 1048576K
}
Event: 101.022 GC heap after
{Heap after GC invocations=1256 (full 3):
 PSYoungGen      total 5632K, used 352K [0x00000000eab00000, 0x00000000eb180000, 0x0000000100000000)
  eden space 5120K, 0% used [0x00000000eab00000,0x00000000eab00000,0x00000000eb000000)
  from space 512K, 68% used [0x00000000eb080000,0x00000000eb0d8000,0x00000000eb100000)
  to   space 512K, 0% used [0x00000000eb100000,0x00000000eb100000,0x00000000eb180000)
 ParOldGen       total 447488K, used 447126K [0x00000000c0000000, 0x00000000db500000, 0x00000000eab00000)
  object space 447488K, 99% used [0x00000000c0000000,0x00000000db4a5810,0x00000000db500000)
 Metaspace       used 73532K, committed 75008K, reserved 1179648K
  class space    used 7701K, committed 8320K, reserved 1048576K
}
Event: 101.222 GC heap before
{Heap before GC invocations=1257 (full 3):
 PSYoungGen      total 5632K, used 5470K [0x00000000eab00000, 0x00000000eb180000, 0x0000000100000000)
  eden space 5120K, 99% used [0x00000000eab00000,0x00000000eafffb78,0x00000000eb000000)
  from space 512K, 68% used [0x00000000eb080000,0x00000000eb0d8000,0x00000000eb100000)
  to   space 512K, 0% used [0x00000000eb100000,0x00000000eb100000,0x00000000eb180000)
 ParOldGen       total 447488K, used 447126K [0x00000000c0000000, 0x00000000db500000, 0x00000000eab00000)
  object space 447488K, 99% used [0x00000000c0000000,0x00000000db4a5810,0x00000000db500000)
 Metaspace       used 73687K, committed 75136K, reserved 1179648K
  class space    used 7718K, committed 8320K, reserved 1048576K
}
Event: 101.225 GC heap after
{Heap after GC invocations=1257 (full 3):
 PSYoungGen      total 5632K, used 480K [0x00000000eab00000, 0x00000000eb180000, 0x0000000100000000)
  eden space 5120K, 0% used [0x00000000eab00000,0x00000000eab00000,0x00000000eb000000)
  from space 512K, 93% used [0x00000000eb100000,0x00000000eb178000,0x00000000eb180000)
  to   space 512K, 0% used [0x00000000eb080000,0x00000000eb080000,0x00000000eb100000)
 ParOldGen       total 447488K, used 447422K [0x00000000c0000000, 0x00000000db500000, 0x00000000eab00000)
  object space 447488K, 99% used [0x00000000c0000000,0x00000000db4ef820,0x00000000db500000)
 Metaspace       used 73687K, committed 75136K, reserved 1179648K
  class space    used 7718K, committed 8320K, reserved 1048576K
}
Event: 101.272 GC heap before
{Heap before GC invocations=1258 (full 3):
 PSYoungGen      total 5632K, used 5600K [0x00000000eab00000, 0x00000000eb180000, 0x0000000100000000)
  eden space 5120K, 100% used [0x00000000eab00000,0x00000000eb000000,0x00000000eb000000)
  from space 512K, 93% used [0x00000000eb100000,0x00000000eb178000,0x00000000eb180000)
  to   space 512K, 0% used [0x00000000eb080000,0x00000000eb080000,0x00000000eb100000)
 ParOldGen       total 447488K, used 447422K [0x00000000c0000000, 0x00000000db500000, 0x00000000eab00000)
  object space 447488K, 99% used [0x00000000c0000000,0x00000000db4ef820,0x00000000db500000)
 Metaspace       used 73722K, committed 75200K, reserved 1179648K
  class space    used 7720K, committed 8320K, reserved 1048576K
}
Event: 101.277 GC heap after
{Heap after GC invocations=1258 (full 3):
 PSYoungGen      total 5632K, used 500K [0x00000000eab00000, 0x00000000eb300000, 0x0000000100000000)
  eden space 5120K, 0% used [0x00000000eab00000,0x00000000eab00000,0x00000000eb000000)
  from space 512K, 97% used [0x00000000eb080000,0x00000000eb0fd200,0x00000000eb100000)
  to   space 1536K, 0% used [0x00000000eb180000,0x00000000eb180000,0x00000000eb300000)
 ParOldGen       total 448512K, used 448130K [0x00000000c0000000, 0x00000000db600000, 0x00000000eab00000)
  object space 448512K, 99% used [0x00000000c0000000,0x00000000db5a0840,0x00000000db600000)
 Metaspace       used 73722K, committed 75200K, reserved 1179648K
  class space    used 7720K, committed 8320K, reserved 1048576K
}
Event: 101.490 GC heap before
{Heap before GC invocations=1259 (full 3):
 PSYoungGen      total 5632K, used 5620K [0x00000000eab00000, 0x00000000eb300000, 0x0000000100000000)
  eden space 5120K, 100% used [0x00000000eab00000,0x00000000eb000000,0x00000000eb000000)
  from space 512K, 97% used [0x00000000eb080000,0x00000000eb0fd200,0x00000000eb100000)
  to   space 1536K, 0% used [0x00000000eb180000,0x00000000eb180000,0x00000000eb300000)
 ParOldGen       total 448512K, used 448130K [0x00000000c0000000, 0x00000000db600000, 0x00000000eab00000)
  object space 448512K, 99% used [0x00000000c0000000,0x00000000db5a0840,0x00000000db600000)
 Metaspace       used 73744K, committed 75200K, reserved 1179648K
  class space    used 7720K, committed 8320K, reserved 1048576K
}
Event: 101.495 GC heap after
{Heap after GC invocations=1259 (full 3):
 PSYoungGen      total 6656K, used 928K [0x00000000eab00000, 0x00000000eb300000, 0x0000000100000000)
  eden space 5120K, 0% used [0x00000000eab00000,0x00000000eab00000,0x00000000eb000000)
  from space 1536K, 60% used [0x00000000eb180000,0x00000000eb2682d8,0x00000000eb300000)
  to   space 1536K, 0% used [0x00000000eb000000,0x00000000eb000000,0x00000000eb180000)
 ParOldGen       total 449024K, used 448606K [0x00000000c0000000, 0x00000000db680000, 0x00000000eab00000)
  object space 449024K, 99% used [0x00000000c0000000,0x00000000db617a40,0x00000000db680000)
 Metaspace       used 73744K, committed 75200K, reserved 1179648K
  class space    used 7720K, committed 8320K, reserved 1048576K
}
Event: 101.569 GC heap before
{Heap before GC invocations=1260 (full 3):
 PSYoungGen      total 6656K, used 6048K [0x00000000eab00000, 0x00000000eb300000, 0x0000000100000000)
  eden space 5120K, 99% used [0x00000000eab00000,0x00000000eafffe58,0x00000000eb000000)
  from space 1536K, 60% used [0x00000000eb180000,0x00000000eb2682d8,0x00000000eb300000)
  to   space 1536K, 0% used [0x00000000eb000000,0x00000000eb000000,0x00000000eb180000)
 ParOldGen       total 449024K, used 448606K [0x00000000c0000000, 0x00000000db680000, 0x00000000eab00000)
  object space 449024K, 99% used [0x00000000c0000000,0x00000000db617a40,0x00000000db680000)
 Metaspace       used 73744K, committed 75200K, reserved 1179648K
  class space    used 7720K, committed 8320K, reserved 1048576K
}
Event: 101.571 GC heap after
{Heap after GC invocations=1260 (full 3):
 PSYoungGen      total 6144K, used 704K [0x00000000eab00000, 0x00000000eb200000, 0x0000000100000000)
  eden space 5120K, 0% used [0x00000000eab00000,0x00000000eab00000,0x00000000eb000000)
  from space 1024K, 68% used [0x00000000eb000000,0x00000000eb0b0000,0x00000000eb100000)
  to   space 1024K, 0% used [0x00000000eb100000,0x00000000eb100000,0x00000000eb200000)
 ParOldGen       total 449536K, used 449430K [0x00000000c0000000, 0x00000000db700000, 0x00000000eab00000)
  object space 449536K, 99% used [0x00000000c0000000,0x00000000db6e58d0,0x00000000db700000)
 Metaspace       used 73744K, committed 75200K, reserved 1179648K
  class space    used 7720K, committed 8320K, reserved 1048576K
}

Dll operation events (10 events):
Event: 0.020 Loaded shared library c:\Users\Baye Cheikh MBACKE\.cursor\extensions\redhat.java-1.42.0-win32-x64\jre\21.0.7-win32-x86_64\bin\java.dll
Event: 0.428 Loaded shared library c:\Users\Baye Cheikh MBACKE\.cursor\extensions\redhat.java-1.42.0-win32-x64\jre\21.0.7-win32-x86_64\bin\zip.dll
Event: 0.505 Loaded shared library C:\Users\Baye Cheikh MBACKE\.cursor\extensions\redhat.java-1.42.0-win32-x64\jre\21.0.7-win32-x86_64\bin\instrument.dll
Event: 0.548 Loaded shared library C:\Users\Baye Cheikh MBACKE\.cursor\extensions\redhat.java-1.42.0-win32-x64\jre\21.0.7-win32-x86_64\bin\net.dll
Event: 0.571 Loaded shared library C:\Users\Baye Cheikh MBACKE\.cursor\extensions\redhat.java-1.42.0-win32-x64\jre\21.0.7-win32-x86_64\bin\nio.dll
Event: 0.587 Loaded shared library C:\Users\Baye Cheikh MBACKE\.cursor\extensions\redhat.java-1.42.0-win32-x64\jre\21.0.7-win32-x86_64\bin\zip.dll
Event: 0.691 Loaded shared library C:\Users\Baye Cheikh MBACKE\.cursor\extensions\redhat.java-1.42.0-win32-x64\jre\21.0.7-win32-x86_64\bin\jimage.dll
Event: 1.062 Loaded shared library c:\Users\Baye Cheikh MBACKE\.cursor\extensions\redhat.java-1.42.0-win32-x64\jre\21.0.7-win32-x86_64\bin\verify.dll
Event: 21.691 Loaded shared library C:\Users\Baye Cheikh MBACKE\AppData\Roaming\Cursor\User\globalStorage\redhat.java\1.42.0\config_win\org.eclipse.equinox.launcher\org.eclipse.equinox.launcher.win32.win32.x86_64_1.2.1300.v20250331-1702\eclipse_11911.dll
Event: 50.281 Loaded shared library C:\Users\Baye Cheikh MBACKE\AppData\Local\Temp\jna-1476855478\jna4140483845338653061.dll

Deoptimization events (20 events):
Event: 101.227 Thread 0x000001c5117bb8c0 Uncommon trap: trap_request=0xffffffd6 fr.pc=0x000001c4c0f7f618 relative=0x0000000000001578
Event: 101.227 Thread 0x000001c5117bb8c0 Uncommon trap: reason=array_check action=maybe_recompile pc=0x000001c4c0f7f618 method=java.util.TimSort.binarySort([Ljava/lang/Object;IIILjava/util/Comparator;)V @ 183 c2
Event: 101.227 Thread 0x000001c5117bb8c0 DEOPT PACKING pc=0x000001c4c0f7f618 sp=0x000000869abfe680
Event: 101.227 Thread 0x000001c5117bb8c0 DEOPT UNPACKING pc=0x000001c4c0103aa2 sp=0x000000869abfe580 mode 2
Event: 101.230 Thread 0x000001c5117bb8c0 Uncommon trap: trap_request=0xffffff45 fr.pc=0x000001c4c0b34578 relative=0x0000000000000998
Event: 101.230 Thread 0x000001c5117bb8c0 Uncommon trap: reason=unstable_if action=reinterpret pc=0x000001c4c0b34578 method=org.eclipse.jdt.internal.compiler.util.SoftClassCache$ClassBytes.getBytes()[B @ 4 c2
Event: 101.230 Thread 0x000001c5117bb8c0 DEOPT PACKING pc=0x000001c4c0b34578 sp=0x000000869abfd520
Event: 101.230 Thread 0x000001c5117bb8c0 DEOPT UNPACKING pc=0x000001c4c0103aa2 sp=0x000000869abfd3a0 mode 2
Event: 101.243 Thread 0x000001c51003c790 DEOPT PACKING pc=0x000001c4ba9e7caa sp=0x000000869cafeea0
Event: 101.243 Thread 0x000001c51003c790 DEOPT UNPACKING pc=0x000001c4c0104242 sp=0x000000869cafe428 mode 0
Event: 101.268 Thread 0x000001c5117bb8c0 Uncommon trap: trap_request=0xffffffd6 fr.pc=0x000001c4c0f4eb50 relative=0x00000000000003f0
Event: 101.268 Thread 0x000001c5117bb8c0 Uncommon trap: reason=array_check action=maybe_recompile pc=0x000001c4c0f4eb50 method=java.util.TimSort.binarySort([Ljava/lang/Object;IIILjava/util/Comparator;)V @ 215 c2
Event: 101.268 Thread 0x000001c5117bb8c0 DEOPT PACKING pc=0x000001c4c0f4eb50 sp=0x000000869abfe520
Event: 101.268 Thread 0x000001c5117bb8c0 DEOPT UNPACKING pc=0x000001c4c0103aa2 sp=0x000000869abfe4e0 mode 2
Event: 101.309 Thread 0x000001c51003e860 DEOPT PACKING pc=0x000001c4ba805d7e sp=0x000000869c8fed70
Event: 101.309 Thread 0x000001c51003e860 DEOPT UNPACKING pc=0x000001c4c0104242 sp=0x000000869c8fe1e0 mode 0
Event: 101.481 Thread 0x000001c51003c790 DEOPT PACKING pc=0x000001c4ba9e7caa sp=0x000000869cafeea0
Event: 101.481 Thread 0x000001c51003c790 DEOPT UNPACKING pc=0x000001c4c0104242 sp=0x000000869cafe428 mode 0
Event: 101.585 Thread 0x000001c51003c790 DEOPT PACKING pc=0x000001c4ba9e7caa sp=0x000000869cafeea0
Event: 101.585 Thread 0x000001c51003c790 DEOPT UNPACKING pc=0x000001c4c0104242 sp=0x000000869cafe428 mode 0

Classes loaded (20 events):
Event: 95.065 Loading class java/util/Collections$SynchronizedList done
Event: 95.065 Loading class java/util/Collections$SynchronizedRandomAccessList done
Event: 95.194 Loading class java/util/concurrent/CompletableFuture$Signaller
Event: 95.194 Loading class java/util/concurrent/CompletableFuture$Signaller done
Event: 95.744 Loading class java/nio/charset/CharacterCodingException
Event: 95.744 Loading class java/nio/charset/CharacterCodingException done
Event: 95.744 Loading class java/io/SequenceInputStream
Event: 95.744 Loading class java/io/SequenceInputStream done
Event: 96.059 Loading class jdk/internal/module/IllegalAccessLogger
Event: 96.059 Loading class jdk/internal/module/IllegalAccessLogger done
Event: 96.318 Loading class org/xml/sax/SAXNotRecognizedException
Event: 96.318 Loading class org/xml/sax/SAXNotRecognizedException done
Event: 96.318 Loading class org/xml/sax/SAXNotSupportedException
Event: 96.318 Loading class org/xml/sax/SAXNotSupportedException done
Event: 96.321 Loading class com/sun/org/apache/xerces/internal/util/URI
Event: 96.322 Loading class com/sun/org/apache/xerces/internal/util/URI done
Event: 96.329 Loading class com/sun/org/apache/xerces/internal/xni/XNIException
Event: 96.329 Loading class com/sun/org/apache/xerces/internal/xni/XNIException done
Event: 96.330 Loading class com/sun/org/apache/xerces/internal/xni/parser/XMLParseException
Event: 96.330 Loading class com/sun/org/apache/xerces/internal/xni/parser/XMLParseException done

Classes unloaded (7 events):
Event: 51.204 Thread 0x000001c4c9cbe890 Unloading class 0x000001c4cb1a8c00 'java/lang/invoke/LambdaForm$MH+0x000001c4cb1a8c00'
Event: 51.204 Thread 0x000001c4c9cbe890 Unloading class 0x000001c4cb1a8800 'java/lang/invoke/LambdaForm$MH+0x000001c4cb1a8800'
Event: 51.204 Thread 0x000001c4c9cbe890 Unloading class 0x000001c4cb1a8400 'java/lang/invoke/LambdaForm$MH+0x000001c4cb1a8400'
Event: 51.204 Thread 0x000001c4c9cbe890 Unloading class 0x000001c4cb1a8000 'java/lang/invoke/LambdaForm$MH+0x000001c4cb1a8000'
Event: 51.204 Thread 0x000001c4c9cbe890 Unloading class 0x000001c4cb1a7c00 'java/lang/invoke/LambdaForm$BMH+0x000001c4cb1a7c00'
Event: 51.204 Thread 0x000001c4c9cbe890 Unloading class 0x000001c4cb1a7800 'java/lang/invoke/LambdaForm$DMH+0x000001c4cb1a7800'
Event: 51.204 Thread 0x000001c4c9cbe890 Unloading class 0x000001c4cb1a6400 'java/lang/invoke/LambdaForm$DMH+0x000001c4cb1a6400'

Classes redefined (0 events):
No events

Internal exceptions (20 events):
Event: 95.010 Thread 0x000001c51003d4b0 Exception <a 'sun/nio/fs/WindowsException'{0x00000000eac197c0}> (0x00000000eac197c0) 
thrown [s\src\hotspot\share\prims\jni.cpp, line 520]
Event: 95.010 Thread 0x000001c51003d4b0 Exception <a 'sun/nio/fs/WindowsException'{0x00000000eac19f30}> (0x00000000eac19f30) 
thrown [s\src\hotspot\share\prims\jni.cpp, line 520]
Event: 95.040 Thread 0x000001c51003c790 Exception <a 'sun/nio/fs/WindowsException'{0x00000000eac430a0}> (0x00000000eac430a0) 
thrown [s\src\hotspot\share\prims\jni.cpp, line 520]
Event: 95.269 Thread 0x000001c51050b470 Implicit null exception at 0x000001c4c09a7e80 to 0x000001c4c09a97c6
Event: 95.769 Thread 0x000001c51050b470 Exception <a 'java/io/FileNotFoundException'{0x00000000ead26220}> (0x00000000ead26220) 
thrown [s\src\hotspot\share\prims\jni.cpp, line 520]
Event: 95.769 Thread 0x000001c51050b470 Exception <a 'java/io/FileNotFoundException'{0x00000000ead27a18}> (0x00000000ead27a18) 
thrown [s\src\hotspot\share\prims\jni.cpp, line 520]
Event: 95.917 Thread 0x000001c51050b470 Exception <a 'sun/nio/fs/WindowsException'{0x00000000eaceb3b8}> (0x00000000eaceb3b8) 
thrown [s\src\hotspot\share\prims\jni.cpp, line 520]
Event: 95.917 Thread 0x000001c51050b470 Exception <a 'sun/nio/fs/WindowsException'{0x00000000eaceb9e8}> (0x00000000eaceb9e8) 
thrown [s\src\hotspot\share\prims\jni.cpp, line 520]
Event: 95.918 Thread 0x000001c51050b470 Exception <a 'sun/nio/fs/WindowsException'{0x00000000eaceea90}> (0x00000000eaceea90) 
thrown [s\src\hotspot\share\prims\jni.cpp, line 520]
Event: 95.919 Thread 0x000001c51050b470 Exception <a 'sun/nio/fs/WindowsException'{0x00000000eacef0c0}> (0x00000000eacef0c0) 
thrown [s\src\hotspot\share\prims\jni.cpp, line 520]
Event: 96.288 Thread 0x000001c510510330 Exception <a 'java/lang/NoSuchMethodError'{0x00000000eab36f70}: 'java.lang.Object java.lang.invoke.DirectMethodHandle$Holder.invokeStatic(java.lang.Object, java.lang.Object, int, java.lang.Object)'> (0x00000000eab36f70) 
thrown [s\src\hotspot\share\interpreter\linkResolver.cpp, line 773]
Event: 96.296 Thread 0x000001c51003db40 Exception <a 'java/lang/NoSuchMethodError'{0x00000000eab928a0}: 'java.lang.Object java.lang.invoke.DirectMethodHandle$Holder.invokeSpecial(java.lang.Object, java.lang.Object, int, long)'> (0x00000000eab928a0) 
thrown [s\src\hotspot\share\interpreter\linkResolver.cpp, line 773]
Event: 96.509 Thread 0x000001c51003c790 Exception <a 'sun/nio/fs/WindowsException'{0x00000000ead4bc58}> (0x00000000ead4bc58) 
thrown [s\src\hotspot\share\prims\jni.cpp, line 520]
Event: 96.671 Thread 0x000001c51003c790 Exception <a 'sun/nio/fs/WindowsException'{0x00000000eac133b0}> (0x00000000eac133b0) 
thrown [s\src\hotspot\share\prims\jni.cpp, line 520]
Event: 98.023 Thread 0x000001c5117bb8c0 Implicit null exception at 0x000001c4c0d43889 to 0x000001c4c0d43974
Event: 98.411 Thread 0x000001c5117bb8c0 Implicit null exception at 0x000001c4c0f3eda9 to 0x000001c4c0f3f688
Event: 98.798 Thread 0x000001c5117bb8c0 Implicit null exception at 0x000001c4c09372a4 to 0x000001c4c09375d0
Event: 100.318 Thread 0x000001c51003c790 Exception <a 'sun/nio/fs/WindowsException'{0x00000000eac6fbc0}> (0x00000000eac6fbc0) 
thrown [s\src\hotspot\share\prims\jni.cpp, line 520]
Event: 100.641 Thread 0x000001c51003c790 Exception <a 'sun/nio/fs/WindowsException'{0x00000000eac3c208}> (0x00000000eac3c208) 
thrown [s\src\hotspot\share\prims\jni.cpp, line 520]
Event: 101.295 Thread 0x000001c51003c790 Exception <a 'sun/nio/fs/WindowsException'{0x00000000eab8baf8}> (0x00000000eab8baf8) 
thrown [s\src\hotspot\share\prims\jni.cpp, line 520]

ZGC Phase Switch (0 events):
No events

VM Operations (20 events):
Event: 100.834 Executing VM operation: ParallelGCFailedAllocation (Allocation Failure)
Event: 100.837 Executing VM operation: ParallelGCFailedAllocation (Allocation Failure) done
Event: 100.863 Executing VM operation: ParallelGCFailedAllocation (Allocation Failure)
Event: 100.866 Executing VM operation: ParallelGCFailedAllocation (Allocation Failure) done
Event: 100.884 Executing VM operation: ParallelGCFailedAllocation (Allocation Failure)
Event: 100.888 Executing VM operation: ParallelGCFailedAllocation (Allocation Failure) done
Event: 100.917 Executing VM operation: ParallelGCFailedAllocation (Allocation Failure)
Event: 100.920 Executing VM operation: ParallelGCFailedAllocation (Allocation Failure) done
Event: 101.018 Executing VM operation: ParallelGCFailedAllocation (Allocation Failure)
Event: 101.022 Executing VM operation: ParallelGCFailedAllocation (Allocation Failure) done
Event: 101.055 Executing VM operation: HandshakeAllThreads (Deoptimize)
Event: 101.055 Executing VM operation: HandshakeAllThreads (Deoptimize) done
Event: 101.222 Executing VM operation: ParallelGCFailedAllocation (Allocation Failure)
Event: 101.227 Executing VM operation: ParallelGCFailedAllocation (Allocation Failure) done
Event: 101.272 Executing VM operation: ParallelGCFailedAllocation (Allocation Failure)
Event: 101.278 Executing VM operation: ParallelGCFailedAllocation (Allocation Failure) done
Event: 101.490 Executing VM operation: ParallelGCFailedAllocation (Allocation Failure)
Event: 101.495 Executing VM operation: ParallelGCFailedAllocation (Allocation Failure) done
Event: 101.569 Executing VM operation: ParallelGCFailedAllocation (Allocation Failure)
Event: 101.571 Executing VM operation: ParallelGCFailedAllocation (Allocation Failure) done

Memory protections (0 events):
No events

Nmethod flushes (20 events):
Event: 77.438 Thread 0x000001c4c9cbe890 flushing  nmethod 0x000001c4b9529090
Event: 77.438 Thread 0x000001c4c9cbe890 flushing  nmethod 0x000001c4b9531790
Event: 77.438 Thread 0x000001c4c9cbe890 flushing  nmethod 0x000001c4b9545690
Event: 77.438 Thread 0x000001c4c9cbe890 flushing  nmethod 0x000001c4b9546690
Event: 77.438 Thread 0x000001c4c9cbe890 flushing  nmethod 0x000001c4b9546a90
Event: 77.438 Thread 0x000001c4c9cbe890 flushing  nmethod 0x000001c4b9547510
Event: 77.438 Thread 0x000001c4c9cbe890 flushing  nmethod 0x000001c4b9547a90
Event: 77.438 Thread 0x000001c4c9cbe890 flushing  nmethod 0x000001c4b9548210
Event: 77.438 Thread 0x000001c4c9cbe890 flushing  nmethod 0x000001c4b9548590
Event: 77.438 Thread 0x000001c4c9cbe890 flushing  nmethod 0x000001c4b954ab10
Event: 77.438 Thread 0x000001c4c9cbe890 flushing  nmethod 0x000001c4b954cc10
Event: 77.438 Thread 0x000001c4c9cbe890 flushing  nmethod 0x000001c4b954d090
Event: 77.438 Thread 0x000001c4c9cbe890 flushing  nmethod 0x000001c4b954db90
Event: 77.438 Thread 0x000001c4c9cbe890 flushing  nmethod 0x000001c4b9550690
Event: 77.438 Thread 0x000001c4c9cbe890 flushing  nmethod 0x000001c4b9552990
Event: 77.438 Thread 0x000001c4c9cbe890 flushing  nmethod 0x000001c4b9558e90
Event: 77.438 Thread 0x000001c4c9cbe890 flushing  nmethod 0x000001c4b955bb10
Event: 77.438 Thread 0x000001c4c9cbe890 flushing  nmethod 0x000001c4b955c110
Event: 77.438 Thread 0x000001c4c9cbe890 flushing  nmethod 0x000001c4b956a610
Event: 77.438 Thread 0x000001c4c9cbe890 flushing  nmethod 0x000001c4b956ae90

Events (20 events):
Event: 86.194 Thread 0x000001c51003d4b0 Thread added: 0x000001c5117bcc70
Event: 86.737 Thread 0x000001c5117bbf50 Thread exited: 0x000001c5117bbf50
Event: 86.737 Thread 0x000001c5117bc5e0 Thread exited: 0x000001c5117bc5e0
Event: 86.737 Thread 0x000001c5117bed40 Thread exited: 0x000001c5117bed40
Event: 86.737 Thread 0x000001c5117bb8c0 Thread exited: 0x000001c5117bb8c0
Event: 86.737 Thread 0x000001c5117bcc70 Thread exited: 0x000001c5117bcc70
Event: 90.280 Thread 0x000001c51003d4b0 Thread added: 0x000001c5117b8440
Event: 93.383 Thread 0x000001c5117b8440 Thread exited: 0x000001c5117b8440
Event: 93.510 Thread 0x000001c51003d4b0 Thread added: 0x000001c5117baba0
Event: 93.510 Thread 0x000001c51003d4b0 Thread added: 0x000001c5117b8440
Event: 93.510 Thread 0x000001c51003d4b0 Thread added: 0x000001c5117b97f0
Event: 93.510 Thread 0x000001c51003d4b0 Thread added: 0x000001c5117bc5e0
Event: 93.510 Thread 0x000001c51003d4b0 Thread added: 0x000001c5117bb8c0
Event: 93.991 Thread 0x000001c5117baba0 Thread exited: 0x000001c5117baba0
Event: 93.991 Thread 0x000001c5117bb8c0 Thread exited: 0x000001c5117bb8c0
Event: 93.992 Thread 0x000001c5117bc5e0 Thread exited: 0x000001c5117bc5e0
Event: 93.992 Thread 0x000001c5117b97f0 Thread exited: 0x000001c5117b97f0
Event: 93.992 Thread 0x000001c5117b8440 Thread exited: 0x000001c5117b8440
Event: 96.291 Thread 0x000001c51003db40 Thread added: 0x000001c5117bb8c0
Event: 101.158 Thread 0x000001c5117bb8c0 Thread added: 0x000001c5117b97f0


Dynamic libraries:
0x00007ff6f6e50000 - 0x00007ff6f6e5e000 	c:\Users\Baye Cheikh MBACKE\.cursor\extensions\redhat.java-1.42.0-win32-x64\jre\21.0.7-win32-x86_64\bin\java.exe
0x00007ffa80210000 - 0x00007ffa80427000 	C:\WINDOWS\SYSTEM32\ntdll.dll
0x00007ffa7f310000 - 0x00007ffa7f3d4000 	C:\WINDOWS\System32\KERNEL32.DLL
0x00007ffa7d330000 - 0x00007ffa7d702000 	C:\WINDOWS\System32\KERNELBASE.dll
0x00007ffa7da80000 - 0x00007ffa7db91000 	C:\WINDOWS\System32\ucrtbase.dll
0x00007ffa6cf20000 - 0x00007ffa6cf38000 	c:\Users\Baye Cheikh MBACKE\.cursor\extensions\redhat.java-1.42.0-win32-x64\jre\21.0.7-win32-x86_64\bin\jli.dll
0x00007ffa7f410000 - 0x00007ffa7f5c1000 	C:\WINDOWS\System32\USER32.dll
0x00007ffa7dc60000 - 0x00007ffa7dc86000 	C:\WINDOWS\System32\win32u.dll
0x00007ffa7f3e0000 - 0x00007ffa7f409000 	C:\WINDOWS\System32\GDI32.dll
0x00007ffa7d790000 - 0x00007ffa7d8b3000 	C:\WINDOWS\System32\gdi32full.dll
0x00007ffa7de00000 - 0x00007ffa7de9a000 	C:\WINDOWS\System32\msvcp_win.dll
0x00007ffa50cd0000 - 0x00007ffa50cee000 	c:\Users\Baye Cheikh MBACKE\.cursor\extensions\redhat.java-1.42.0-win32-x64\jre\21.0.7-win32-x86_64\bin\VCRUNTIME140.dll
0x00007ffa6a3a0000 - 0x00007ffa6a63b000 	C:\WINDOWS\WinSxS\amd64_microsoft.windows.common-controls_6595b64144ccf1df_6.0.22621.5415_none_270d77d17387d7da\COMCTL32.dll
0x00007ffa7fc30000 - 0x00007ffa7fcd7000 	C:\WINDOWS\System32\msvcrt.dll
0x00007ffa7fa90000 - 0x00007ffa7fac1000 	C:\WINDOWS\System32\IMM32.DLL
0x00007ffa51110000 - 0x00007ffa5111c000 	c:\Users\Baye Cheikh MBACKE\.cursor\extensions\redhat.java-1.42.0-win32-x64\jre\21.0.7-win32-x86_64\bin\vcruntime140_1.dll
0x00007ffa3ebe0000 - 0x00007ffa3ec6d000 	c:\Users\Baye Cheikh MBACKE\.cursor\extensions\redhat.java-1.42.0-win32-x64\jre\21.0.7-win32-x86_64\bin\msvcp140.dll
0x00007ff9ce880000 - 0x00007ff9cf610000 	c:\Users\Baye Cheikh MBACKE\.cursor\extensions\redhat.java-1.42.0-win32-x64\jre\21.0.7-win32-x86_64\bin\server\jvm.dll
0x00007ffa7fb70000 - 0x00007ffa7fc21000 	C:\WINDOWS\System32\ADVAPI32.dll
0x00007ffa7dfd0000 - 0x00007ffa7e078000 	C:\WINDOWS\System32\sechost.dll
0x00007ffa7d300000 - 0x00007ffa7d328000 	C:\WINDOWS\System32\bcrypt.dll
0x00007ffa7f970000 - 0x00007ffa7fa84000 	C:\WINDOWS\System32\RPCRT4.dll
0x00007ffa7f0a0000 - 0x00007ffa7f111000 	C:\WINDOWS\System32\WS2_32.dll
0x00007ffa7cbd0000 - 0x00007ffa7cc1d000 	C:\WINDOWS\SYSTEM32\POWRPROF.dll
0x00007ffa77f60000 - 0x00007ffa77f94000 	C:\WINDOWS\SYSTEM32\WINMM.dll
0x00007ffa760f0000 - 0x00007ffa760fa000 	C:\WINDOWS\SYSTEM32\VERSION.dll
0x00007ffa7cb80000 - 0x00007ffa7cb93000 	C:\WINDOWS\SYSTEM32\UMPDC.dll
0x00007ffa7c330000 - 0x00007ffa7c348000 	C:\WINDOWS\SYSTEM32\kernel.appcore.dll
0x00007ffa4f910000 - 0x00007ffa4f91a000 	c:\Users\Baye Cheikh MBACKE\.cursor\extensions\redhat.java-1.42.0-win32-x64\jre\21.0.7-win32-x86_64\bin\jimage.dll
0x00007ffa6a650000 - 0x00007ffa6a883000 	C:\WINDOWS\SYSTEM32\DBGHELP.DLL
0x00007ffa7f5d0000 - 0x00007ffa7f963000 	C:\WINDOWS\System32\combase.dll
0x00007ffa7efc0000 - 0x00007ffa7f097000 	C:\WINDOWS\System32\OLEAUT32.dll
0x00007ffa5e310000 - 0x00007ffa5e342000 	C:\WINDOWS\SYSTEM32\dbgcore.DLL
0x00007ffa7da00000 - 0x00007ffa7da7b000 	C:\WINDOWS\System32\bcryptPrimitives.dll
0x00007ffa4b980000 - 0x00007ffa4b98f000 	c:\Users\Baye Cheikh MBACKE\.cursor\extensions\redhat.java-1.42.0-win32-x64\jre\21.0.7-win32-x86_64\bin\instrument.dll
0x00007ffa44b50000 - 0x00007ffa44b6f000 	c:\Users\Baye Cheikh MBACKE\.cursor\extensions\redhat.java-1.42.0-win32-x64\jre\21.0.7-win32-x86_64\bin\java.dll
0x00007ffa7e5b0000 - 0x00007ffa7ee52000 	C:\WINDOWS\System32\SHELL32.dll
0x00007ffa7d8c0000 - 0x00007ffa7d9ff000 	C:\WINDOWS\System32\wintypes.dll
0x00007ffa7b230000 - 0x00007ffa7bb4e000 	C:\WINDOWS\SYSTEM32\windows.storage.dll
0x00007ffa7e140000 - 0x00007ffa7e24b000 	C:\WINDOWS\System32\SHCORE.dll
0x00007ffa7fad0000 - 0x00007ffa7fb39000 	C:\WINDOWS\System32\shlwapi.dll
0x00007ffa7d230000 - 0x00007ffa7d25b000 	C:\WINDOWS\SYSTEM32\profapi.dll
0x00007ffa44700000 - 0x00007ffa44718000 	c:\Users\Baye Cheikh MBACKE\.cursor\extensions\redhat.java-1.42.0-win32-x64\jre\21.0.7-win32-x86_64\bin\zip.dll
0x00007ffa46140000 - 0x00007ffa46150000 	C:\Users\Baye Cheikh MBACKE\.cursor\extensions\redhat.java-1.42.0-win32-x64\jre\21.0.7-win32-x86_64\bin\net.dll
0x00007ffa76610000 - 0x00007ffa7673c000 	C:\WINDOWS\SYSTEM32\WINHTTP.dll
0x00007ffa7c7b0000 - 0x00007ffa7c819000 	C:\WINDOWS\system32\mswsock.dll
0x00007ffa3eca0000 - 0x00007ffa3ecb6000 	C:\Users\Baye Cheikh MBACKE\.cursor\extensions\redhat.java-1.42.0-win32-x64\jre\21.0.7-win32-x86_64\bin\nio.dll
0x00007ffa44b40000 - 0x00007ffa44b50000 	c:\Users\Baye Cheikh MBACKE\.cursor\extensions\redhat.java-1.42.0-win32-x64\jre\21.0.7-win32-x86_64\bin\verify.dll
0x00007ffa3dea0000 - 0x00007ffa3dee5000 	C:\Users\Baye Cheikh MBACKE\AppData\Roaming\Cursor\User\globalStorage\redhat.java\1.42.0\config_win\org.eclipse.equinox.launcher\org.eclipse.equinox.launcher.win32.win32.x86_64_1.2.1300.v20250331-1702\eclipse_11911.dll
0x00007ffa7f120000 - 0x00007ffa7f2c0000 	C:\WINDOWS\System32\ole32.dll
0x00007ffa7ca00000 - 0x00007ffa7ca1b000 	C:\WINDOWS\SYSTEM32\CRYPTSP.dll
0x00007ffa7c290000 - 0x00007ffa7c2c7000 	C:\WINDOWS\system32\rsaenh.dll
0x00007ffa7c8a0000 - 0x00007ffa7c8c8000 	C:\WINDOWS\SYSTEM32\USERENV.dll
0x00007ffa7ca20000 - 0x00007ffa7ca2c000 	C:\WINDOWS\SYSTEM32\CRYPTBASE.dll
0x00007ffa7bdb0000 - 0x00007ffa7bddd000 	C:\WINDOWS\SYSTEM32\IPHLPAPI.DLL
0x00007ffa7e080000 - 0x00007ffa7e089000 	C:\WINDOWS\System32\NSI.dll
0x00007ffa37630000 - 0x00007ffa37679000 	C:\Users\Baye Cheikh MBACKE\AppData\Local\Temp\jna-1476855478\jna4140483845338653061.dll
0x00007ffa7fb60000 - 0x00007ffa7fb68000 	C:\WINDOWS\System32\PSAPI.DLL
0x00007ffa76050000 - 0x00007ffa76069000 	C:\WINDOWS\SYSTEM32\dhcpcsvc6.DLL
0x00007ffa76030000 - 0x00007ffa7604f000 	C:\WINDOWS\SYSTEM32\dhcpcsvc.DLL

dbghelp: loaded successfully - version: 4.0.5 - missing functions: none
symbol engine: initialized successfully - sym options: 0x614 - pdb path: .;c:\Users\Baye Cheikh MBACKE\.cursor\extensions\redhat.java-1.42.0-win32-x64\jre\21.0.7-win32-x86_64\bin;C:\WINDOWS\SYSTEM32;C:\WINDOWS\WinSxS\amd64_microsoft.windows.common-controls_6595b64144ccf1df_6.0.22621.5415_none_270d77d17387d7da;c:\Users\Baye Cheikh MBACKE\.cursor\extensions\redhat.java-1.42.0-win32-x64\jre\21.0.7-win32-x86_64\bin\server;C:\Users\Baye Cheikh MBACKE\AppData\Roaming\Cursor\User\globalStorage\redhat.java\1.42.0\config_win\org.eclipse.equinox.launcher\org.eclipse.equinox.launcher.win32.win32.x86_64_1.2.1300.v20250331-1702;C:\Users\Baye Cheikh MBACKE\AppData\Local\Temp\jna-1476855478

VM Arguments:
jvm_args: --add-modules=ALL-SYSTEM --add-opens=java.base/java.util=ALL-UNNAMED --add-opens=java.base/java.lang=ALL-UNNAMED --add-opens=java.base/sun.nio.fs=ALL-UNNAMED -Declipse.application=org.eclipse.jdt.ls.core.id1 -Dosgi.bundles.defaultStartLevel=4 -Declipse.product=org.eclipse.jdt.ls.core.product -Djava.import.generatesMetadataFilesAtProjectRoot=false -DDetectVMInstallationsJob.disabled=true -Dfile.encoding=utf8 -XX:+UseParallelGC -XX:GCTimeRatio=4 -XX:AdaptiveSizePolicyWeight=90 -Dsun.zip.disableMemoryMapping=true -Xmx1G -Xms100m -Xlog:disable -javaagent:c:\Users\Baye Cheikh MBACKE\.cursor\extensions\redhat.java-1.42.0-win32-x64\lombok\lombok-1.18.36.jar -XX:+HeapDumpOnOutOfMemoryError -XX:HeapDumpPath=c:\Users\Baye Cheikh MBACKE\AppData\Roaming\Cursor\User\workspaceStorage\aa2f89e3d245d5ef1fe758697a7b5be6\redhat.java -Daether.dependencyCollector.impl=bf 
java_command: c:\Users\Baye Cheikh MBACKE\.cursor\extensions\redhat.java-1.42.0-win32-x64\server\plugins\org.eclipse.equinox.launcher_1.7.0.v20250424-1814.jar -configuration c:\Users\Baye Cheikh MBACKE\AppData\Roaming\Cursor\User\globalStorage\redhat.java\1.42.0\config_win -data c:\Users\Baye Cheikh MBACKE\AppData\Roaming\Cursor\User\workspaceStorage\aa2f89e3d245d5ef1fe758697a7b5be6\redhat.java\jdt_ws --pipe=\\.\pipe\lsp-f298ae4ab42873353e6c30d616e6fff3-sock
java_class_path (initial): c:\Users\Baye Cheikh MBACKE\.cursor\extensions\redhat.java-1.42.0-win32-x64\server\plugins\org.eclipse.equinox.launcher_1.7.0.v20250424-1814.jar
Launcher Type: SUN_STANDARD

[Global flags]
    uintx AdaptiveSizePolicyWeight                 = 90                                        {product} {command line}
     intx CICompilerCount                          = 3                                         {product} {ergonomic}
    uintx GCTimeRatio                              = 4                                         {product} {command line}
     bool HeapDumpOnOutOfMemoryError               = true                                   {manageable} {command line}
    ccstr HeapDumpPath                             = c:\Users\Baye Cheikh MBACKE\AppData\Roaming\Cursor\User\workspaceStorage\aa2f89e3d245d5ef1fe758697a7b5be6\redhat.java         {manageable} {command line}
   size_t InitialHeapSize                          = 104857600                                 {product} {command line}
   size_t MaxHeapSize                              = 1073741824                                {product} {command line}
   size_t MaxNewSize                               = 357564416                                 {product} {ergonomic}
   size_t MinHeapDeltaBytes                        = 524288                                    {product} {ergonomic}
   size_t MinHeapSize                              = 104857600                                 {product} {command line}
   size_t NewSize                                  = 34603008                                  {product} {ergonomic}
    uintx NonNMethodCodeHeapSize                   = 5832780                                {pd product} {ergonomic}
    uintx NonProfiledCodeHeapSize                  = 122912730                              {pd product} {ergonomic}
   size_t OldSize                                  = 70254592                                  {product} {ergonomic}
    uintx ProfiledCodeHeapSize                     = 122912730                              {pd product} {ergonomic}
    uintx ReservedCodeCacheSize                    = 251658240                              {pd product} {ergonomic}
     bool SegmentedCodeCache                       = true                                      {product} {ergonomic}
   size_t SoftMaxHeapSize                          = 1073741824                             {manageable} {ergonomic}
     bool UseCompressedOops                        = true                           {product lp64_product} {ergonomic}
     bool UseLargePagesIndividualAllocation        = false                                  {pd product} {ergonomic}
     bool UseParallelGC                            = true                                      {product} {command line}

Logging:
Log output configuration:
 #0: stdout all=off uptime,level,tags foldmultilines=false
 #1: stderr all=off uptime,level,tags foldmultilines=false

Environment Variables:
JAVA_HOME=C:\Program Files\Java\jdk-17
PATH=C:\Windows\System32\WindowsPowerShell\v1.0\;C:\Program Files\Git\bin;C:\Users\Baye Cheikh MBACKE\AppData\Local\Programs\Python\Python313\Scripts\;C:\Users\Baye Cheikh MBACKE\AppData\Local\Programs\Python\Python313\;C:\Users\Baye Cheikh MBACKE\AppData\Local\Microsoft\WindowsApps;C:\Users\Baye Cheikh MBACKE\AppData\Local\Programs\Microsoft VS Code\bin;C:\Program Files\JetBrains\IntelliJ IDEA Community Edition 2024.3.5\bin;;C:\src\flutter\bin;C:\nvm4w;C:\Users\Baye Cheikh MBACKE\AppData\Local\nvm;C:\nvm4w\nodejs;C:\PowerShell-7.5.0-win-x86;C:\Users\Baye Cheikh MBACKE\AppData\Roaming\npm;C:\Program Files\nodejs;C:\Users\Baye Cheikh MBACKE\AppData\Local\Programs\Python\Python313\Scripts\;C:\Program Files\Java\jdk-17\bin;C:\Program Files\apache-maven-3.9.9\bin;C:\Program Files\PostgreSQL\17\bin;C:\Users\Baye Cheikh MBACKE\AppData\Local\Programs\cursor\resources\app\bin;C:\Windows\System32\WindowsPowerShell\v1.0\;
USERNAME=Baye Cheikh MBACKE
OS=Windows_NT
PROCESSOR_IDENTIFIER=Intel64 Family 6 Model 78 Stepping 3, GenuineIntel
TMP=C:\Users\BAYECH~1\AppData\Local\Temp
TEMP=C:\Users\BAYECH~1\AppData\Local\Temp




Periodic native trim disabled

---------------  S Y S T E M  ---------------

OS:
 Windows 11 , 64 bit Build 22621 (10.0.22621.5415)
OS uptime: 0 days 17:00 hours

CPU: total 4 (initial active 4) (2 cores per cpu, 2 threads per core) family 6 model 78 stepping 3 microcode 0xf0, cx8, cmov, fxsr, ht, mmx, 3dnowpref, sse, sse2, sse3, ssse3, sse4.1, sse4.2, popcnt, lzcnt, tsc, tscinvbit, avx, avx2, aes, erms, clmul, bmi1, bmi2, adx, fma, vzeroupper, clflush, clflushopt, rdtscp, f16c
Processor Information for the first 4 processors :
  Max Mhz: 2601, Current Mhz: 2600, Mhz Limit: 2574

Memory: 4k page, system-wide physical 8075M (262M free)
TotalPageFile size 23218M (AvailPageFile size 2M)
current process WorkingSet (physical memory assigned to process): 790M, peak: 790M
current process commit charge ("private bytes"): 707M, peak: 709M

vm_info: OpenJDK 64-Bit Server VM (21.0.7+6-LTS) for windows-amd64 JRE (21.0.7+6-LTS), built on 2025-04-15T00:00:00Z by "admin" with MS VC++ 17.7 (VS2022)

END.
